CRITICAL - 2023-12-20 02:12:34 --> Unclosed '{' on line 138
in APPPATH\Views\page\management_floor_plan.php on line 392.
 1 SYSTEMPATH\View\View.php(231): CodeIgniter\View\View->CodeIgniter\View\{closure}()
 2 SYSTEMPATH\Common.php(1190): CodeIgniter\View\View->render('page/management_floor_plan', [], true)
 3 APPPATH\Controllers\FloorPlan.php(24): view('page/management_floor_plan', [...])
 4 SYSTEMPATH\CodeIgniter.php(942): App\Controllers\FloorPlan->index()
 5 SYSTEMPATH\CodeIgniter.php(502): CodeIgniter\CodeIgniter->runController(Object(App\Controllers\FloorPlan))
 6 SYSTEMPATH\CodeIgniter.php(361): CodeIgniter\CodeIgniter->handleRequest(null, Object(Config\Cache), false)
 7 FCPATH\index.php(79): CodeIgniter\CodeIgniter->run()
 8 SYSTEMPATH\Commands\Server\rewrite.php(47): require_once('C:\\Users\\ASUS\\Documents\\Web\\CI4\\sukmar\\public\\index.php')
CRITICAL - 2023-12-20 02:15:06 --> Unclosed '{' on line 138
in APPPATH\Views\page\management_floor_plan.php on line 207.
 1 SYSTEMPATH\View\View.php(231): CodeIgniter\View\View->CodeIgniter\View\{closure}()
 2 SYSTEMPATH\Common.php(1190): CodeIgniter\View\View->render('page/management_floor_plan', [], true)
 3 APPPATH\Controllers\FloorPlan.php(24): view('page/management_floor_plan', [...])
 4 SYSTEMPATH\CodeIgniter.php(942): App\Controllers\FloorPlan->index()
 5 SYSTEMPATH\CodeIgniter.php(502): CodeIgniter\CodeIgniter->runController(Object(App\Controllers\FloorPlan))
 6 SYSTEMPATH\CodeIgniter.php(361): CodeIgniter\CodeIgniter->handleRequest(null, Object(Config\Cache), false)
 7 FCPATH\index.php(79): CodeIgniter\CodeIgniter->run()
 8 SYSTEMPATH\Commands\Server\rewrite.php(47): require_once('C:\\Users\\ASUS\\Documents\\Web\\CI4\\sukmar\\public\\index.php')
CRITICAL - 2023-12-20 02:15:26 --> Unclosed '{' on line 85
in APPPATH\Views\page\management_floor_plan.php on line 197.
 1 SYSTEMPATH\View\View.php(231): CodeIgniter\View\View->CodeIgniter\View\{closure}()
 2 SYSTEMPATH\Common.php(1190): CodeIgniter\View\View->render('page/management_floor_plan', [], true)
 3 APPPATH\Controllers\FloorPlan.php(24): view('page/management_floor_plan', [...])
 4 SYSTEMPATH\CodeIgniter.php(942): App\Controllers\FloorPlan->index()
 5 SYSTEMPATH\CodeIgniter.php(502): CodeIgniter\CodeIgniter->runController(Object(App\Controllers\FloorPlan))
 6 SYSTEMPATH\CodeIgniter.php(361): CodeIgniter\CodeIgniter->handleRequest(null, Object(Config\Cache), false)
 7 FCPATH\index.php(79): CodeIgniter\CodeIgniter->run()
 8 SYSTEMPATH\Commands\Server\rewrite.php(47): require_once('C:\\Users\\ASUS\\Documents\\Web\\CI4\\sukmar\\public\\index.php')
CRITICAL - 2023-12-20 02:16:00 --> Unclosed '{' on line 138
in APPPATH\Views\page\management_floor_plan.php on line 207.
 1 SYSTEMPATH\View\View.php(231): CodeIgniter\View\View->CodeIgniter\View\{closure}()
 2 SYSTEMPATH\Common.php(1190): CodeIgniter\View\View->render('page/management_floor_plan', [], true)
 3 APPPATH\Controllers\FloorPlan.php(24): view('page/management_floor_plan', [...])
 4 SYSTEMPATH\CodeIgniter.php(942): App\Controllers\FloorPlan->index()
 5 SYSTEMPATH\CodeIgniter.php(502): CodeIgniter\CodeIgniter->runController(Object(App\Controllers\FloorPlan))
 6 SYSTEMPATH\CodeIgniter.php(361): CodeIgniter\CodeIgniter->handleRequest(null, Object(Config\Cache), false)
 7 FCPATH\index.php(79): CodeIgniter\CodeIgniter->run()
 8 SYSTEMPATH\Commands\Server\rewrite.php(47): require_once('C:\\Users\\ASUS\\Documents\\Web\\CI4\\sukmar\\public\\index.php')
CRITICAL - 2023-12-20 02:16:16 --> Undefined variable $selected_market_id
in APPPATH\Views\page\management_floor_plan.php on line 141.
 1 APPPATH\Views\page\management_floor_plan.php(141): CodeIgniter\Debug\Exceptions->errorHandler(2, 'Undefined variable $selected_market_id', 'C:\\Users\\ASUS\\Documents\\Web\\CI4\\sukmar\\app\\Views\\page\\management_floor_plan.php', 141)
 2 SYSTEMPATH\View\View.php(228): include('C:\\Users\\ASUS\\Documents\\Web\\CI4\\sukmar\\app\\Views\\page\\management_floor_plan.php')
 3 SYSTEMPATH\View\View.php(231): CodeIgniter\View\View->CodeIgniter\View\{closure}()
 4 SYSTEMPATH\Common.php(1190): CodeIgniter\View\View->render('page/management_floor_plan', [], true)
 5 APPPATH\Controllers\FloorPlan.php(24): view('page/management_floor_plan', [...])
 6 SYSTEMPATH\CodeIgniter.php(942): App\Controllers\FloorPlan->index()
 7 SYSTEMPATH\CodeIgniter.php(502): CodeIgniter\CodeIgniter->runController(Object(App\Controllers\FloorPlan))
 8 SYSTEMPATH\CodeIgniter.php(361): CodeIgniter\CodeIgniter->handleRequest(null, Object(Config\Cache), false)
 9 FCPATH\index.php(79): CodeIgniter\CodeIgniter->run()
10 SYSTEMPATH\Commands\Server\rewrite.php(47): require_once('C:\\Users\\ASUS\\Documents\\Web\\CI4\\sukmar\\public\\index.php')
CRITICAL - 2023-12-20 02:16:51 --> Undefined variable $edited_market_id
in APPPATH\Views\page\management_floor_plan.php on line 140.
 1 APPPATH\Views\page\management_floor_plan.php(140): CodeIgniter\Debug\Exceptions->errorHandler(2, 'Undefined variable $edited_market_id', 'C:\\Users\\ASUS\\Documents\\Web\\CI4\\sukmar\\app\\Views\\page\\management_floor_plan.php', 140)
 2 SYSTEMPATH\View\View.php(228): include('C:\\Users\\ASUS\\Documents\\Web\\CI4\\sukmar\\app\\Views\\page\\management_floor_plan.php')
 3 SYSTEMPATH\View\View.php(231): CodeIgniter\View\View->CodeIgniter\View\{closure}()
 4 SYSTEMPATH\Common.php(1190): CodeIgniter\View\View->render('page/management_floor_plan', [], true)
 5 APPPATH\Controllers\FloorPlan.php(24): view('page/management_floor_plan', [...])
 6 SYSTEMPATH\CodeIgniter.php(942): App\Controllers\FloorPlan->index()
 7 SYSTEMPATH\CodeIgniter.php(502): CodeIgniter\CodeIgniter->runController(Object(App\Controllers\FloorPlan))
 8 SYSTEMPATH\CodeIgniter.php(361): CodeIgniter\CodeIgniter->handleRequest(null, Object(Config\Cache), false)
 9 FCPATH\index.php(79): CodeIgniter\CodeIgniter->run()
10 SYSTEMPATH\Commands\Server\rewrite.php(47): require_once('C:\\Users\\ASUS\\Documents\\Web\\CI4\\sukmar\\public\\index.php')
CRITICAL - 2023-12-20 02:27:09 --> foreach() argument must be of type array|object, null given
in APPPATH\Controllers\FloorPlan.php on line 35.
 1 APPPATH\Controllers\FloorPlan.php(35): CodeIgniter\Debug\Exceptions->errorHandler(2, 'foreach() argument must be of type array|object, null given', 'C:\\Users\\ASUS\\Documents\\Web\\CI4\\sukmar\\app\\Controllers\\FloorPlan.php', 35)
 2 SYSTEMPATH\CodeIgniter.php(942): App\Controllers\FloorPlan->store()
 3 SYSTEMPATH\CodeIgniter.php(502): CodeIgniter\CodeIgniter->runController(Object(App\Controllers\FloorPlan))
 4 SYSTEMPATH\CodeIgniter.php(361): CodeIgniter\CodeIgniter->handleRequest(null, Object(Config\Cache), false)
 5 FCPATH\index.php(79): CodeIgniter\CodeIgniter->run()
 6 SYSTEMPATH\Commands\Server\rewrite.php(47): require_once('C:\\Users\\ASUS\\Documents\\Web\\CI4\\sukmar\\public\\index.php')
CRITICAL - 2023-12-20 02:30:19 --> Call to a member function getRandomName() on null
in APPPATH\Controllers\FloorPlan.php on line 34.
 1 SYSTEMPATH\CodeIgniter.php(942): App\Controllers\FloorPlan->store()
 2 SYSTEMPATH\CodeIgniter.php(502): CodeIgniter\CodeIgniter->runController(Object(App\Controllers\FloorPlan))
 3 SYSTEMPATH\CodeIgniter.php(361): CodeIgniter\CodeIgniter->handleRequest(null, Object(Config\Cache), false)
 4 FCPATH\index.php(79): CodeIgniter\CodeIgniter->run()
 5 SYSTEMPATH\Commands\Server\rewrite.php(47): require_once('C:\\Users\\ASUS\\Documents\\Web\\CI4\\sukmar\\public\\index.php')
CRITICAL - 2023-12-20 02:30:43 --> Call to a member function getRandomName() on null
in APPPATH\Controllers\FloorPlan.php on line 34.
 1 SYSTEMPATH\CodeIgniter.php(942): App\Controllers\FloorPlan->store()
 2 SYSTEMPATH\CodeIgniter.php(502): CodeIgniter\CodeIgniter->runController(Object(App\Controllers\FloorPlan))
 3 SYSTEMPATH\CodeIgniter.php(361): CodeIgniter\CodeIgniter->handleRequest(null, Object(Config\Cache), false)
 4 FCPATH\index.php(79): CodeIgniter\CodeIgniter->run()
 5 SYSTEMPATH\Commands\Server\rewrite.php(47): require_once('C:\\Users\\ASUS\\Documents\\Web\\CI4\\sukmar\\public\\index.php')
CRITICAL - 2023-12-20 02:31:14 --> CodeIgniter\Model::doProtectFieldsForInsert(): Argument #1 ($data) must be of type array, string given, called in C:\Users\ASUS\Documents\Web\CI4\sukmar\system\BaseModel.php on line 856
in SYSTEMPATH\Model.php on line 729.
 1 SYSTEMPATH\BaseModel.php(856): CodeIgniter\Model->doProtectFieldsForInsert('ss')
 2 APPPATH\Controllers\FloorPlan.php(44): CodeIgniter\BaseModel->insertBatch([...])
 3 SYSTEMPATH\CodeIgniter.php(942): App\Controllers\FloorPlan->store()
 4 SYSTEMPATH\CodeIgniter.php(502): CodeIgniter\CodeIgniter->runController(Object(App\Controllers\FloorPlan))
 5 SYSTEMPATH\CodeIgniter.php(361): CodeIgniter\CodeIgniter->handleRequest(null, Object(Config\Cache), false)
 6 FCPATH\index.php(79): CodeIgniter\CodeIgniter->run()
 7 SYSTEMPATH\Commands\Server\rewrite.php(47): require_once('C:\\Users\\ASUS\\Documents\\Web\\CI4\\sukmar\\public\\index.php')
CRITICAL - 2023-12-20 02:33:20 --> Call to a member function isValid() on null
in APPPATH\Controllers\FloorPlan.php on line 34.
 1 SYSTEMPATH\CodeIgniter.php(942): App\Controllers\FloorPlan->store()
 2 SYSTEMPATH\CodeIgniter.php(502): CodeIgniter\CodeIgniter->runController(Object(App\Controllers\FloorPlan))
 3 SYSTEMPATH\CodeIgniter.php(361): CodeIgniter\CodeIgniter->handleRequest(null, Object(Config\Cache), false)
 4 FCPATH\index.php(79): CodeIgniter\CodeIgniter->run()
 5 SYSTEMPATH\Commands\Server\rewrite.php(47): require_once('C:\\Users\\ASUS\\Documents\\Web\\CI4\\sukmar\\public\\index.php')
CRITICAL - 2023-12-20 02:33:33 --> Call to a member function isValid() on array
in APPPATH\Controllers\FloorPlan.php on line 34.
 1 SYSTEMPATH\CodeIgniter.php(942): App\Controllers\FloorPlan->store()
 2 SYSTEMPATH\CodeIgniter.php(502): CodeIgniter\CodeIgniter->runController(Object(App\Controllers\FloorPlan))
 3 SYSTEMPATH\CodeIgniter.php(361): CodeIgniter\CodeIgniter->handleRequest(null, Object(Config\Cache), false)
 4 FCPATH\index.php(79): CodeIgniter\CodeIgniter->run()
 5 SYSTEMPATH\Commands\Server\rewrite.php(47): require_once('C:\\Users\\ASUS\\Documents\\Web\\CI4\\sukmar\\public\\index.php')
CRITICAL - 2023-12-20 03:16:38 --> Undefined variable $markets
in APPPATH\Views\page\management_floor_plan.php on line 335.
 1 APPPATH\Views\page\management_floor_plan.php(335): CodeIgniter\Debug\Exceptions->errorHandler(2, 'Undefined variable $markets', 'C:\\Users\\ASUS\\Documents\\Web\\CI4\\sukmar\\app\\Views\\page\\management_floor_plan.php', 335)
 2 SYSTEMPATH\View\View.php(228): include('C:\\Users\\ASUS\\Documents\\Web\\CI4\\sukmar\\app\\Views\\page\\management_floor_plan.php')
 3 SYSTEMPATH\View\View.php(231): CodeIgniter\View\View->CodeIgniter\View\{closure}()
 4 SYSTEMPATH\Common.php(1190): CodeIgniter\View\View->render('page/management_floor_plan', [], true)
 5 APPPATH\Controllers\FloorPlan.php(24): view('page/management_floor_plan', [...])
 6 SYSTEMPATH\CodeIgniter.php(942): App\Controllers\FloorPlan->index()
 7 SYSTEMPATH\CodeIgniter.php(502): CodeIgniter\CodeIgniter->runController(Object(App\Controllers\FloorPlan))
 8 SYSTEMPATH\CodeIgniter.php(361): CodeIgniter\CodeIgniter->handleRequest(null, Object(Config\Cache), false)
 9 FCPATH\index.php(79): CodeIgniter\CodeIgniter->run()
10 SYSTEMPATH\Commands\Server\rewrite.php(47): require_once('C:\\Users\\ASUS\\Documents\\Web\\CI4\\sukmar\\public\\index.php')
CRITICAL - 2023-12-20 04:23:40 --> Attempt to read property "id_market" on array
in APPPATH\Views\page\management_floor_plan.php on line 143.
 1 APPPATH\Views\page\management_floor_plan.php(143): CodeIgniter\Debug\Exceptions->errorHandler(2, 'Attempt to read property "id_market" on array', 'C:\\Users\\ASUS\\Documents\\Web\\CI4\\sukmar\\app\\Views\\page\\management_floor_plan.php', 143)
 2 SYSTEMPATH\View\View.php(228): include('C:\\Users\\ASUS\\Documents\\Web\\CI4\\sukmar\\app\\Views\\page\\management_floor_plan.php')
 3 SYSTEMPATH\View\View.php(231): CodeIgniter\View\View->CodeIgniter\View\{closure}()
 4 SYSTEMPATH\Common.php(1190): CodeIgniter\View\View->render('page/management_floor_plan', [], true)
 5 APPPATH\Controllers\FloorPlan.php(24): view('page/management_floor_plan', [...])
 6 SYSTEMPATH\CodeIgniter.php(942): App\Controllers\FloorPlan->index()
 7 SYSTEMPATH\CodeIgniter.php(502): CodeIgniter\CodeIgniter->runController(Object(App\Controllers\FloorPlan))
 8 SYSTEMPATH\CodeIgniter.php(361): CodeIgniter\CodeIgniter->handleRequest(null, Object(Config\Cache), false)
 9 FCPATH\index.php(79): CodeIgniter\CodeIgniter->run()
10 SYSTEMPATH\Commands\Server\rewrite.php(47): require_once('C:\\Users\\ASUS\\Documents\\Web\\CI4\\sukmar\\public\\index.php')
CRITICAL - 2023-12-20 04:55:56 --> Undefined variable $rows
in APPPATH\Views\page\management_floor_plan.php on line 85.
 1 APPPATH\Views\page\management_floor_plan.php(85): CodeIgniter\Debug\Exceptions->errorHandler(2, 'Undefined variable $rows', 'C:\\Users\\ASUS\\Documents\\Web\\CI4\\sukmar\\app\\Views\\page\\management_floor_plan.php', 85)
 2 SYSTEMPATH\View\View.php(228): include('C:\\Users\\ASUS\\Documents\\Web\\CI4\\sukmar\\app\\Views\\page\\management_floor_plan.php')
 3 SYSTEMPATH\View\View.php(231): CodeIgniter\View\View->CodeIgniter\View\{closure}()
 4 SYSTEMPATH\Common.php(1190): CodeIgniter\View\View->render('page/management_floor_plan', [], true)
 5 APPPATH\Controllers\FloorPlan.php(24): view('page/management_floor_plan', [...])
 6 SYSTEMPATH\CodeIgniter.php(942): App\Controllers\FloorPlan->index()
 7 SYSTEMPATH\CodeIgniter.php(502): CodeIgniter\CodeIgniter->runController(Object(App\Controllers\FloorPlan))
 8 SYSTEMPATH\CodeIgniter.php(361): CodeIgniter\CodeIgniter->handleRequest(null, Object(Config\Cache), false)
 9 FCPATH\index.php(79): CodeIgniter\CodeIgniter->run()
10 SYSTEMPATH\Commands\Server\rewrite.php(47): require_once('C:\\Users\\ASUS\\Documents\\Web\\CI4\\sukmar\\public\\index.php')
CRITICAL - 2023-12-20 05:00:14 --> Call to a member function getName() on null
in APPPATH\Controllers\FloorPlan.php on line 76.
 1 SYSTEMPATH\CodeIgniter.php(942): App\Controllers\FloorPlan->update()
 2 SYSTEMPATH\CodeIgniter.php(502): CodeIgniter\CodeIgniter->runController(Object(App\Controllers\FloorPlan))
 3 SYSTEMPATH\CodeIgniter.php(361): CodeIgniter\CodeIgniter->handleRequest(null, Object(Config\Cache), false)
 4 FCPATH\index.php(79): CodeIgniter\CodeIgniter->run()
 5 SYSTEMPATH\Commands\Server\rewrite.php(47): require_once('C:\\Users\\ASUS\\Documents\\Web\\CI4\\sukmar\\public\\index.php')
CRITICAL - 2023-12-20 06:21:31 --> Undefined constant "market"
in APPPATH\Views\page\management_floor_plan.php on line 339.
 1 SYSTEMPATH\View\View.php(228): include()
 2 SYSTEMPATH\View\View.php(231): CodeIgniter\View\View->CodeIgniter\View\{closure}()
 3 SYSTEMPATH\Common.php(1190): CodeIgniter\View\View->render('page/management_floor_plan', [], true)
 4 APPPATH\Controllers\FloorPlan.php(24): view('page/management_floor_plan', [...])
 5 SYSTEMPATH\CodeIgniter.php(942): App\Controllers\FloorPlan->index()
 6 SYSTEMPATH\CodeIgniter.php(502): CodeIgniter\CodeIgniter->runController(Object(App\Controllers\FloorPlan))
 7 SYSTEMPATH\CodeIgniter.php(361): CodeIgniter\CodeIgniter->handleRequest(null, Object(Config\Cache), false)
 8 FCPATH\index.php(79): CodeIgniter\CodeIgniter->run()
 9 SYSTEMPATH\Commands\Server\rewrite.php(47): require_once('C:\\Users\\ASUS\\Documents\\Web\\CI4\\sukmar\\public\\index.php')
CRITICAL - 2023-12-20 06:49:35 --> App\Controllers\Home::index(): Return value must be of type string, CodeIgniter\HTTP\RedirectResponse returned
in APPPATH\Controllers\Home.php on line 9.
 1 SYSTEMPATH\CodeIgniter.php(942): App\Controllers\Home->index()
 2 SYSTEMPATH\CodeIgniter.php(502): CodeIgniter\CodeIgniter->runController(Object(App\Controllers\Home))
 3 SYSTEMPATH\CodeIgniter.php(361): CodeIgniter\CodeIgniter->handleRequest(null, Object(Config\Cache), false)
 4 FCPATH\index.php(79): CodeIgniter\CodeIgniter->run()
 5 SYSTEMPATH\Commands\Server\rewrite.php(47): require_once('C:\\Users\\ASUS\\Documents\\Web\\CI4\\sukmar\\public\\index.php')
ERROR - 2023-12-20 11:39:28 --> Error connecting to the database: mysqli_sql_exception: No connection could be made because the target machine actively refused it in C:\Users\ASUS\Documents\Web\CI4\sukmar\system\Database\MySQLi\Connection.php:185
Stack trace:
#0 C:\Users\ASUS\Documents\Web\CI4\sukmar\system\Database\MySQLi\Connection.php(185): mysqli->real_connect('localhost', 'root', '', 'sukmar', 3306, '', 0)
#1 C:\Users\ASUS\Documents\Web\CI4\sukmar\system\Database\BaseConnection.php(392): CodeIgniter\Database\MySQLi\Connection->connect(false)
#2 C:\Users\ASUS\Documents\Web\CI4\sukmar\system\Database\BaseConnection.php(575): CodeIgniter\Database\BaseConnection->initialize()
#3 C:\Users\ASUS\Documents\Web\CI4\sukmar\system\Database\BaseBuilder.php(1615): CodeIgniter\Database\BaseConnection->query('SELECT *\nFROM `...', Array, false)
#4 C:\Users\ASUS\Documents\Web\CI4\sukmar\system\Model.php(237): CodeIgniter\Database\BaseBuilder->get()
#5 C:\Users\ASUS\Documents\Web\CI4\sukmar\system\BaseModel.php(624): CodeIgniter\Model->doFindAll(0, 0)
#6 C:\Users\ASUS\Documents\Web\CI4\sukmar\app\Controllers\Market.php(21): CodeIgniter\BaseModel->findAll()
#7 C:\Users\ASUS\Documents\Web\CI4\sukmar\system\CodeIgniter.php(942): App\Controllers\Market->index()
#8 C:\Users\ASUS\Documents\Web\CI4\sukmar\system\CodeIgniter.php(502): CodeIgniter\CodeIgniter->runController(Object(App\Controllers\Market))
#9 C:\Users\ASUS\Documents\Web\CI4\sukmar\system\CodeIgniter.php(361): CodeIgniter\CodeIgniter->handleRequest(NULL, Object(Config\Cache), false)
#10 C:\Users\ASUS\Documents\Web\CI4\sukmar\public\index.php(79): CodeIgniter\CodeIgniter->run()
#11 C:\Users\ASUS\Documents\Web\CI4\sukmar\system\Commands\Server\rewrite.php(47): require_once('C:\\Users\\ASUS\\D...')
#12 {main}

Next CodeIgniter\Database\Exceptions\DatabaseException: No connection could be made because the target machine actively refused it in C:\Users\ASUS\Documents\Web\CI4\sukmar\system\Database\MySQLi\Connection.php:229
Stack trace:
#0 C:\Users\ASUS\Documents\Web\CI4\sukmar\system\Database\BaseConnection.php(392): CodeIgniter\Database\MySQLi\Connection->connect(false)
#1 C:\Users\ASUS\Documents\Web\CI4\sukmar\system\Database\BaseConnection.php(575): CodeIgniter\Database\BaseConnection->initialize()
#2 C:\Users\ASUS\Documents\Web\CI4\sukmar\system\Database\BaseBuilder.php(1615): CodeIgniter\Database\BaseConnection->query('SELECT *\nFROM `...', Array, false)
#3 C:\Users\ASUS\Documents\Web\CI4\sukmar\system\Model.php(237): CodeIgniter\Database\BaseBuilder->get()
#4 C:\Users\ASUS\Documents\Web\CI4\sukmar\system\BaseModel.php(624): CodeIgniter\Model->doFindAll(0, 0)
#5 C:\Users\ASUS\Documents\Web\CI4\sukmar\app\Controllers\Market.php(21): CodeIgniter\BaseModel->findAll()
#6 C:\Users\ASUS\Documents\Web\CI4\sukmar\system\CodeIgniter.php(942): App\Controllers\Market->index()
#7 C:\Users\ASUS\Documents\Web\CI4\sukmar\system\CodeIgniter.php(502): CodeIgniter\CodeIgniter->runController(Object(App\Controllers\Market))
#8 C:\Users\ASUS\Documents\Web\CI4\sukmar\system\CodeIgniter.php(361): CodeIgniter\CodeIgniter->handleRequest(NULL, Object(Config\Cache), false)
#9 C:\Users\ASUS\Documents\Web\CI4\sukmar\public\index.php(79): CodeIgniter\CodeIgniter->run()
#10 C:\Users\ASUS\Documents\Web\CI4\sukmar\system\Commands\Server\rewrite.php(47): require_once('C:\\Users\\ASUS\\D...')
#11 {main}
CRITICAL - 2023-12-20 11:39:28 --> Unable to connect to the database.
Main connection [MySQLi]: No connection could be made because the target machine actively refused it
in SYSTEMPATH\Database\BaseConnection.php on line 428.
 1 SYSTEMPATH\Database\BaseConnection.php(575): CodeIgniter\Database\BaseConnection->initialize()
 2 SYSTEMPATH\Database\BaseBuilder.php(1615): CodeIgniter\Database\BaseConnection->query('SELECT *
FROM `market`', [], false)
 3 SYSTEMPATH\Model.php(237): CodeIgniter\Database\BaseBuilder->get()
 4 SYSTEMPATH\BaseModel.php(624): CodeIgniter\Model->doFindAll(0, 0)
 5 APPPATH\Controllers\Market.php(21): CodeIgniter\BaseModel->findAll()
 6 SYSTEMPATH\CodeIgniter.php(942): App\Controllers\Market->index()
 7 SYSTEMPATH\CodeIgniter.php(502): CodeIgniter\CodeIgniter->runController(Object(App\Controllers\Market))
 8 SYSTEMPATH\CodeIgniter.php(361): CodeIgniter\CodeIgniter->handleRequest(null, Object(Config\Cache), false)
 9 FCPATH\index.php(79): CodeIgniter\CodeIgniter->run()
10 SYSTEMPATH\Commands\Server\rewrite.php(47): require_once('C:\\Users\\ASUS\\Documents\\Web\\CI4\\sukmar\\public\\index.php')
