CRITICAL - 2023-12-23 13:22:00 --> Undefined property: stdClass::$name_floor
in APPPATH\Views\page\market floor\create_floor.php on line 16.
 1 APPPATH\Views\page\market floor\create_floor.php(16): CodeIgniter\Debug\Exceptions->errorHandler(2, 'Undefined property: stdClass::$name_floor', 'C:\\Users\\ASUS\\Documents\\Web\\CI4\\sukmar\\app\\Views\\page\\market floor\\create_floor.php', 16)
 2 SYSTEMPATH\View\View.php(228): include('C:\\Users\\ASUS\\Documents\\Web\\CI4\\sukmar\\app\\Views\\page\\market floor\\create_floor.php')
 3 SYSTEMPATH\View\View.php(231): CodeIgniter\View\View->CodeIgniter\View\{closure}()
 4 SYSTEMPATH\Common.php(1190): CodeIgniter\View\View->render('page/market floor/create_floor', [], true)
 5 APPPATH\Controllers\FloorPlanController.php(31): view('page/market floor/create_floor', [...])
 6 SYSTEMPATH\CodeIgniter.php(942): App\Controllers\FloorPlanController->create()
 7 SYSTEMPATH\CodeIgniter.php(502): CodeIgniter\CodeIgniter->runController(Object(App\Controllers\FloorPlanController))
 8 SYSTEMPATH\CodeIgniter.php(361): CodeIgniter\CodeIgniter->handleRequest(null, Object(Config\Cache), false)
 9 FCPATH\index.php(79): CodeIgniter\CodeIgniter->run()
10 SYSTEMPATH\Commands\Server\rewrite.php(47): require_once('C:\\Users\\ASUS\\Documents\\Web\\CI4\\sukmar\\public\\index.php')
CRITICAL - 2023-12-23 14:21:54 --> foreach() argument must be of type array|object, null given
in APPPATH\Views\page\market\edit_market.php on line 10.
 1 APPPATH\Views\page\market\edit_market.php(10): CodeIgniter\Debug\Exceptions->errorHandler(2, 'foreach() argument must be of type array|object, null given', 'C:\\Users\\ASUS\\Documents\\Web\\CI4\\sukmar\\app\\Views\\page\\market\\edit_market.php', 10)
 2 SYSTEMPATH\View\View.php(228): include('C:\\Users\\ASUS\\Documents\\Web\\CI4\\sukmar\\app\\Views\\page\\market\\edit_market.php')
 3 SYSTEMPATH\View\View.php(231): CodeIgniter\View\View->CodeIgniter\View\{closure}()
 4 SYSTEMPATH\Common.php(1190): CodeIgniter\View\View->render('page/market/edit_market', [], true)
 5 APPPATH\Controllers\FloorPlanController.php(38): view('page/market/edit_market', [...])
 6 SYSTEMPATH\CodeIgniter.php(942): App\Controllers\FloorPlanController->edit('15')
 7 SYSTEMPATH\CodeIgniter.php(502): CodeIgniter\CodeIgniter->runController(Object(App\Controllers\FloorPlanController))
 8 SYSTEMPATH\CodeIgniter.php(361): CodeIgniter\CodeIgniter->handleRequest(null, Object(Config\Cache), false)
 9 FCPATH\index.php(79): CodeIgniter\CodeIgniter->run()
10 SYSTEMPATH\Commands\Server\rewrite.php(47): require_once('C:\\Users\\ASUS\\Documents\\Web\\CI4\\sukmar\\public\\index.php')
CRITICAL - 2023-12-23 14:41:10 --> foreach() argument must be of type array|object, null given
in APPPATH\Views\page\market\edit_market.php on line 10.
 1 APPPATH\Views\page\market\edit_market.php(10): CodeIgniter\Debug\Exceptions->errorHandler(2, 'foreach() argument must be of type array|object, null given', 'C:\\Users\\ASUS\\Documents\\Web\\CI4\\sukmar\\app\\Views\\page\\market\\edit_market.php', 10)
 2 SYSTEMPATH\View\View.php(228): include('C:\\Users\\ASUS\\Documents\\Web\\CI4\\sukmar\\app\\Views\\page\\market\\edit_market.php')
 3 SYSTEMPATH\View\View.php(231): CodeIgniter\View\View->CodeIgniter\View\{closure}()
 4 SYSTEMPATH\Common.php(1190): CodeIgniter\View\View->render('page/market/edit_market', [], true)
 5 APPPATH\Controllers\FloorPlanController.php(38): view('page/market/edit_market', [...])
 6 SYSTEMPATH\CodeIgniter.php(942): App\Controllers\FloorPlanController->edit('15')
 7 SYSTEMPATH\CodeIgniter.php(502): CodeIgniter\CodeIgniter->runController(Object(App\Controllers\FloorPlanController))
 8 SYSTEMPATH\CodeIgniter.php(361): CodeIgniter\CodeIgniter->handleRequest(null, Object(Config\Cache), false)
 9 FCPATH\index.php(79): CodeIgniter\CodeIgniter->run()
10 SYSTEMPATH\Commands\Server\rewrite.php(47): require_once('C:\\Users\\ASUS\\Documents\\Web\\CI4\\sukmar\\public\\index.php')
CRITICAL - 2023-12-23 14:41:42 --> Attempt to read property "name_floor" on string
in APPPATH\Views\page\market\edit_market.php on line 64.
 1 APPPATH\Views\page\market\edit_market.php(64): CodeIgniter\Debug\Exceptions->errorHandler(2, 'Attempt to read property "name_floor" on string', 'C:\\Users\\ASUS\\Documents\\Web\\CI4\\sukmar\\app\\Views\\page\\market\\edit_market.php', 64)
 2 SYSTEMPATH\View\View.php(228): include('C:\\Users\\ASUS\\Documents\\Web\\CI4\\sukmar\\app\\Views\\page\\market\\edit_market.php')
 3 SYSTEMPATH\View\View.php(231): CodeIgniter\View\View->CodeIgniter\View\{closure}()
 4 SYSTEMPATH\Common.php(1190): CodeIgniter\View\View->render('page/market/edit_market', [], true)
 5 APPPATH\Controllers\FloorPlanController.php(38): view('page/market/edit_market', [...])
 6 SYSTEMPATH\CodeIgniter.php(942): App\Controllers\FloorPlanController->edit('15')
 7 SYSTEMPATH\CodeIgniter.php(502): CodeIgniter\CodeIgniter->runController(Object(App\Controllers\FloorPlanController))
 8 SYSTEMPATH\CodeIgniter.php(361): CodeIgniter\CodeIgniter->handleRequest(null, Object(Config\Cache), false)
 9 FCPATH\index.php(79): CodeIgniter\CodeIgniter->run()
10 SYSTEMPATH\Commands\Server\rewrite.php(47): require_once('C:\\Users\\ASUS\\Documents\\Web\\CI4\\sukmar\\public\\index.php')
CRITICAL - 2023-12-23 14:42:35 --> Attempt to read property "name_floor" on string
in APPPATH\Views\page\market\edit_market.php on line 64.
 1 APPPATH\Views\page\market\edit_market.php(64): CodeIgniter\Debug\Exceptions->errorHandler(2, 'Attempt to read property "name_floor" on string', 'C:\\Users\\ASUS\\Documents\\Web\\CI4\\sukmar\\app\\Views\\page\\market\\edit_market.php', 64)
 2 SYSTEMPATH\View\View.php(228): include('C:\\Users\\ASUS\\Documents\\Web\\CI4\\sukmar\\app\\Views\\page\\market\\edit_market.php')
 3 SYSTEMPATH\View\View.php(231): CodeIgniter\View\View->CodeIgniter\View\{closure}()
 4 SYSTEMPATH\Common.php(1190): CodeIgniter\View\View->render('page/market/edit_market', [], true)
 5 APPPATH\Controllers\FloorPlanController.php(38): view('page/market/edit_market', [...])
 6 SYSTEMPATH\CodeIgniter.php(942): App\Controllers\FloorPlanController->edit('15')
 7 SYSTEMPATH\CodeIgniter.php(502): CodeIgniter\CodeIgniter->runController(Object(App\Controllers\FloorPlanController))
 8 SYSTEMPATH\CodeIgniter.php(361): CodeIgniter\CodeIgniter->handleRequest(null, Object(Config\Cache), false)
 9 FCPATH\index.php(79): CodeIgniter\CodeIgniter->run()
10 SYSTEMPATH\Commands\Server\rewrite.php(47): require_once('C:\\Users\\ASUS\\Documents\\Web\\CI4\\sukmar\\public\\index.php')
CRITICAL - 2023-12-23 14:42:55 --> Attempt to read property "name_floor" on string
in APPPATH\Views\page\market\edit_market.php on line 64.
 1 APPPATH\Views\page\market\edit_market.php(64): CodeIgniter\Debug\Exceptions->errorHandler(2, 'Attempt to read property "name_floor" on string', 'C:\\Users\\ASUS\\Documents\\Web\\CI4\\sukmar\\app\\Views\\page\\market\\edit_market.php', 64)
 2 SYSTEMPATH\View\View.php(228): include('C:\\Users\\ASUS\\Documents\\Web\\CI4\\sukmar\\app\\Views\\page\\market\\edit_market.php')
 3 SYSTEMPATH\View\View.php(231): CodeIgniter\View\View->CodeIgniter\View\{closure}()
 4 SYSTEMPATH\Common.php(1190): CodeIgniter\View\View->render('page/market/edit_market', [], true)
 5 APPPATH\Controllers\FloorPlanController.php(38): view('page/market/edit_market', [...])
 6 SYSTEMPATH\CodeIgniter.php(942): App\Controllers\FloorPlanController->edit('15')
 7 SYSTEMPATH\CodeIgniter.php(502): CodeIgniter\CodeIgniter->runController(Object(App\Controllers\FloorPlanController))
 8 SYSTEMPATH\CodeIgniter.php(361): CodeIgniter\CodeIgniter->handleRequest(null, Object(Config\Cache), false)
 9 FCPATH\index.php(79): CodeIgniter\CodeIgniter->run()
10 SYSTEMPATH\Commands\Server\rewrite.php(47): require_once('C:\\Users\\ASUS\\Documents\\Web\\CI4\\sukmar\\public\\index.php')
INFO - 2023-12-23 14:44:41 --> Session: Class initialized using 'CodeIgniter\Session\Handlers\FileHandler' driver.
CRITICAL - 2023-12-23 14:45:10 --> Attempt to read property "id_market" on string
in APPPATH\Views\page\market floor\edit_floor.php on line 16.
 1 APPPATH\Views\page\market floor\edit_floor.php(16): CodeIgniter\Debug\Exceptions->errorHandler(2, 'Attempt to read property "id_market" on string', 'C:\\Users\\ASUS\\Documents\\Web\\CI4\\sukmar\\app\\Views\\page\\market floor\\edit_floor.php', 16)
 2 SYSTEMPATH\View\View.php(228): include('C:\\Users\\ASUS\\Documents\\Web\\CI4\\sukmar\\app\\Views\\page\\market floor\\edit_floor.php')
 3 SYSTEMPATH\View\View.php(231): CodeIgniter\View\View->CodeIgniter\View\{closure}()
 4 SYSTEMPATH\Common.php(1190): CodeIgniter\View\View->render('page/market floor/edit_floor', [], true)
 5 APPPATH\Controllers\FloorPlanController.php(38): view('page/market floor/edit_floor', [...])
 6 SYSTEMPATH\CodeIgniter.php(942): App\Controllers\FloorPlanController->edit('15')
 7 SYSTEMPATH\CodeIgniter.php(502): CodeIgniter\CodeIgniter->runController(Object(App\Controllers\FloorPlanController))
 8 SYSTEMPATH\CodeIgniter.php(361): CodeIgniter\CodeIgniter->handleRequest(null, Object(Config\Cache), false)
 9 FCPATH\index.php(79): CodeIgniter\CodeIgniter->run()
10 SYSTEMPATH\Commands\Server\rewrite.php(47): require_once('C:\\Users\\ASUS\\Documents\\Web\\CI4\\sukmar\\public\\index.php')
CRITICAL - 2023-12-23 14:45:19 --> Attempt to read property "id_market" on string
in APPPATH\Views\page\market floor\edit_floor.php on line 16.
 1 APPPATH\Views\page\market floor\edit_floor.php(16): CodeIgniter\Debug\Exceptions->errorHandler(2, 'Attempt to read property "id_market" on string', 'C:\\Users\\ASUS\\Documents\\Web\\CI4\\sukmar\\app\\Views\\page\\market floor\\edit_floor.php', 16)
 2 SYSTEMPATH\View\View.php(228): include('C:\\Users\\ASUS\\Documents\\Web\\CI4\\sukmar\\app\\Views\\page\\market floor\\edit_floor.php')
 3 SYSTEMPATH\View\View.php(231): CodeIgniter\View\View->CodeIgniter\View\{closure}()
 4 SYSTEMPATH\Common.php(1190): CodeIgniter\View\View->render('page/market floor/edit_floor', [], true)
 5 APPPATH\Controllers\FloorPlanController.php(38): view('page/market floor/edit_floor', [...])
 6 SYSTEMPATH\CodeIgniter.php(942): App\Controllers\FloorPlanController->edit('15')
 7 SYSTEMPATH\CodeIgniter.php(502): CodeIgniter\CodeIgniter->runController(Object(App\Controllers\FloorPlanController))
 8 SYSTEMPATH\CodeIgniter.php(361): CodeIgniter\CodeIgniter->handleRequest(null, Object(Config\Cache), false)
 9 FCPATH\index.php(79): CodeIgniter\CodeIgniter->run()
10 SYSTEMPATH\Commands\Server\rewrite.php(47): require_once('C:\\Users\\ASUS\\Documents\\Web\\CI4\\sukmar\\public\\index.php')
CRITICAL - 2023-12-23 14:48:37 --> Attempt to read property "id_market" on string
in APPPATH\Views\page\market floor\edit_floor.php on line 16.
 1 APPPATH\Views\page\market floor\edit_floor.php(16): CodeIgniter\Debug\Exceptions->errorHandler(2, 'Attempt to read property "id_market" on string', 'C:\\Users\\ASUS\\Documents\\Web\\CI4\\sukmar\\app\\Views\\page\\market floor\\edit_floor.php', 16)
 2 SYSTEMPATH\View\View.php(228): include('C:\\Users\\ASUS\\Documents\\Web\\CI4\\sukmar\\app\\Views\\page\\market floor\\edit_floor.php')
 3 SYSTEMPATH\View\View.php(231): CodeIgniter\View\View->CodeIgniter\View\{closure}()
 4 SYSTEMPATH\Common.php(1190): CodeIgniter\View\View->render('page/market floor/edit_floor', [], true)
 5 APPPATH\Controllers\FloorPlanController.php(38): view('page/market floor/edit_floor', [...])
 6 SYSTEMPATH\CodeIgniter.php(942): App\Controllers\FloorPlanController->edit('15')
 7 SYSTEMPATH\CodeIgniter.php(502): CodeIgniter\CodeIgniter->runController(Object(App\Controllers\FloorPlanController))
 8 SYSTEMPATH\CodeIgniter.php(361): CodeIgniter\CodeIgniter->handleRequest(null, Object(Config\Cache), false)
 9 FCPATH\index.php(79): CodeIgniter\CodeIgniter->run()
10 SYSTEMPATH\Commands\Server\rewrite.php(47): require_once('C:\\Users\\ASUS\\Documents\\Web\\CI4\\sukmar\\public\\index.php')
CRITICAL - 2023-12-23 14:48:54 --> Attempt to read property "id_market" on string
in APPPATH\Views\page\market floor\edit_floor.php on line 16.
 1 APPPATH\Views\page\market floor\edit_floor.php(16): CodeIgniter\Debug\Exceptions->errorHandler(2, 'Attempt to read property "id_market" on string', 'C:\\Users\\ASUS\\Documents\\Web\\CI4\\sukmar\\app\\Views\\page\\market floor\\edit_floor.php', 16)
 2 SYSTEMPATH\View\View.php(228): include('C:\\Users\\ASUS\\Documents\\Web\\CI4\\sukmar\\app\\Views\\page\\market floor\\edit_floor.php')
 3 SYSTEMPATH\View\View.php(231): CodeIgniter\View\View->CodeIgniter\View\{closure}()
 4 SYSTEMPATH\Common.php(1190): CodeIgniter\View\View->render('page/market floor/edit_floor', [], true)
 5 APPPATH\Controllers\FloorPlanController.php(38): view('page/market floor/edit_floor', [...])
 6 SYSTEMPATH\CodeIgniter.php(942): App\Controllers\FloorPlanController->edit('15')
 7 SYSTEMPATH\CodeIgniter.php(502): CodeIgniter\CodeIgniter->runController(Object(App\Controllers\FloorPlanController))
 8 SYSTEMPATH\CodeIgniter.php(361): CodeIgniter\CodeIgniter->handleRequest(null, Object(Config\Cache), false)
 9 FCPATH\index.php(79): CodeIgniter\CodeIgniter->run()
10 SYSTEMPATH\Commands\Server\rewrite.php(47): require_once('C:\\Users\\ASUS\\Documents\\Web\\CI4\\sukmar\\public\\index.php')
CRITICAL - 2023-12-23 14:49:38 --> Attempt to read property "id_market" on string
in APPPATH\Views\page\market floor\edit_floor.php on line 16.
 1 APPPATH\Views\page\market floor\edit_floor.php(16): CodeIgniter\Debug\Exceptions->errorHandler(2, 'Attempt to read property "id_market" on string', 'C:\\Users\\ASUS\\Documents\\Web\\CI4\\sukmar\\app\\Views\\page\\market floor\\edit_floor.php', 16)
 2 SYSTEMPATH\View\View.php(228): include('C:\\Users\\ASUS\\Documents\\Web\\CI4\\sukmar\\app\\Views\\page\\market floor\\edit_floor.php')
 3 SYSTEMPATH\View\View.php(231): CodeIgniter\View\View->CodeIgniter\View\{closure}()
 4 SYSTEMPATH\Common.php(1190): CodeIgniter\View\View->render('page/market floor/edit_floor', [], true)
 5 APPPATH\Controllers\FloorPlanController.php(38): view('page/market floor/edit_floor', [...])
 6 SYSTEMPATH\CodeIgniter.php(942): App\Controllers\FloorPlanController->edit('15')
 7 SYSTEMPATH\CodeIgniter.php(502): CodeIgniter\CodeIgniter->runController(Object(App\Controllers\FloorPlanController))
 8 SYSTEMPATH\CodeIgniter.php(361): CodeIgniter\CodeIgniter->handleRequest(null, Object(Config\Cache), false)
 9 FCPATH\index.php(79): CodeIgniter\CodeIgniter->run()
10 SYSTEMPATH\Commands\Server\rewrite.php(47): require_once('C:\\Users\\ASUS\\Documents\\Web\\CI4\\sukmar\\public\\index.php')
CRITICAL - 2023-12-23 14:49:39 --> Attempt to read property "id_market" on string
in APPPATH\Views\page\market floor\edit_floor.php on line 16.
 1 APPPATH\Views\page\market floor\edit_floor.php(16): CodeIgniter\Debug\Exceptions->errorHandler(2, 'Attempt to read property "id_market" on string', 'C:\\Users\\ASUS\\Documents\\Web\\CI4\\sukmar\\app\\Views\\page\\market floor\\edit_floor.php', 16)
 2 SYSTEMPATH\View\View.php(228): include('C:\\Users\\ASUS\\Documents\\Web\\CI4\\sukmar\\app\\Views\\page\\market floor\\edit_floor.php')
 3 SYSTEMPATH\View\View.php(231): CodeIgniter\View\View->CodeIgniter\View\{closure}()
 4 SYSTEMPATH\Common.php(1190): CodeIgniter\View\View->render('page/market floor/edit_floor', [], true)
 5 APPPATH\Controllers\FloorPlanController.php(38): view('page/market floor/edit_floor', [...])
 6 SYSTEMPATH\CodeIgniter.php(942): App\Controllers\FloorPlanController->edit('15')
 7 SYSTEMPATH\CodeIgniter.php(502): CodeIgniter\CodeIgniter->runController(Object(App\Controllers\FloorPlanController))
 8 SYSTEMPATH\CodeIgniter.php(361): CodeIgniter\CodeIgniter->handleRequest(null, Object(Config\Cache), false)
 9 FCPATH\index.php(79): CodeIgniter\CodeIgniter->run()
10 SYSTEMPATH\Commands\Server\rewrite.php(47): require_once('C:\\Users\\ASUS\\Documents\\Web\\CI4\\sukmar\\public\\index.php')
CRITICAL - 2023-12-23 14:50:17 --> Attempt to read property "id_market" on string
in APPPATH\Views\page\market floor\edit_floor.php on line 16.
 1 APPPATH\Views\page\market floor\edit_floor.php(16): CodeIgniter\Debug\Exceptions->errorHandler(2, 'Attempt to read property "id_market" on string', 'C:\\Users\\ASUS\\Documents\\Web\\CI4\\sukmar\\app\\Views\\page\\market floor\\edit_floor.php', 16)
 2 SYSTEMPATH\View\View.php(228): include('C:\\Users\\ASUS\\Documents\\Web\\CI4\\sukmar\\app\\Views\\page\\market floor\\edit_floor.php')
 3 SYSTEMPATH\View\View.php(231): CodeIgniter\View\View->CodeIgniter\View\{closure}()
 4 SYSTEMPATH\Common.php(1190): CodeIgniter\View\View->render('page/market floor/edit_floor', [], true)
 5 APPPATH\Controllers\FloorPlanController.php(38): view('page/market floor/edit_floor', [...])
 6 SYSTEMPATH\CodeIgniter.php(942): App\Controllers\FloorPlanController->edit('15')
 7 SYSTEMPATH\CodeIgniter.php(502): CodeIgniter\CodeIgniter->runController(Object(App\Controllers\FloorPlanController))
 8 SYSTEMPATH\CodeIgniter.php(361): CodeIgniter\CodeIgniter->handleRequest(null, Object(Config\Cache), false)
 9 FCPATH\index.php(79): CodeIgniter\CodeIgniter->run()
10 SYSTEMPATH\Commands\Server\rewrite.php(47): require_once('C:\\Users\\ASUS\\Documents\\Web\\CI4\\sukmar\\public\\index.php')
CRITICAL - 2023-12-23 14:51:53 --> Attempt to read property "id_market" on string
in APPPATH\Views\page\market floor\edit_floor.php on line 15.
 1 APPPATH\Views\page\market floor\edit_floor.php(15): CodeIgniter\Debug\Exceptions->errorHandler(2, 'Attempt to read property "id_market" on string', 'C:\\Users\\ASUS\\Documents\\Web\\CI4\\sukmar\\app\\Views\\page\\market floor\\edit_floor.php', 15)
 2 SYSTEMPATH\View\View.php(228): include('C:\\Users\\ASUS\\Documents\\Web\\CI4\\sukmar\\app\\Views\\page\\market floor\\edit_floor.php')
 3 SYSTEMPATH\View\View.php(231): CodeIgniter\View\View->CodeIgniter\View\{closure}()
 4 SYSTEMPATH\Common.php(1190): CodeIgniter\View\View->render('page/market floor/edit_floor', [], true)
 5 APPPATH\Controllers\FloorPlanController.php(38): view('page/market floor/edit_floor', [...])
 6 SYSTEMPATH\CodeIgniter.php(942): App\Controllers\FloorPlanController->edit('15')
 7 SYSTEMPATH\CodeIgniter.php(502): CodeIgniter\CodeIgniter->runController(Object(App\Controllers\FloorPlanController))
 8 SYSTEMPATH\CodeIgniter.php(361): CodeIgniter\CodeIgniter->handleRequest(null, Object(Config\Cache), false)
 9 FCPATH\index.php(79): CodeIgniter\CodeIgniter->run()
10 SYSTEMPATH\Commands\Server\rewrite.php(47): require_once('C:\\Users\\ASUS\\Documents\\Web\\CI4\\sukmar\\public\\index.php')
CRITICAL - 2023-12-23 14:53:15 --> Attempt to read property "id_market" on string
in APPPATH\Views\page\market floor\edit_floor.php on line 16.
 1 APPPATH\Views\page\market floor\edit_floor.php(16): CodeIgniter\Debug\Exceptions->errorHandler(2, 'Attempt to read property "id_market" on string', 'C:\\Users\\ASUS\\Documents\\Web\\CI4\\sukmar\\app\\Views\\page\\market floor\\edit_floor.php', 16)
 2 SYSTEMPATH\View\View.php(228): include('C:\\Users\\ASUS\\Documents\\Web\\CI4\\sukmar\\app\\Views\\page\\market floor\\edit_floor.php')
 3 SYSTEMPATH\View\View.php(231): CodeIgniter\View\View->CodeIgniter\View\{closure}()
 4 SYSTEMPATH\Common.php(1190): CodeIgniter\View\View->render('page/market floor/edit_floor', [], true)
 5 APPPATH\Controllers\FloorPlanController.php(38): view('page/market floor/edit_floor', [...])
 6 SYSTEMPATH\CodeIgniter.php(942): App\Controllers\FloorPlanController->edit('15')
 7 SYSTEMPATH\CodeIgniter.php(502): CodeIgniter\CodeIgniter->runController(Object(App\Controllers\FloorPlanController))
 8 SYSTEMPATH\CodeIgniter.php(361): CodeIgniter\CodeIgniter->handleRequest(null, Object(Config\Cache), false)
 9 FCPATH\index.php(79): CodeIgniter\CodeIgniter->run()
10 SYSTEMPATH\Commands\Server\rewrite.php(47): require_once('C:\\Users\\ASUS\\Documents\\Web\\CI4\\sukmar\\public\\index.php')
CRITICAL - 2023-12-23 14:53:27 --> Attempt to read property "id_market" on string
in APPPATH\Views\page\market floor\edit_floor.php on line 19.
 1 APPPATH\Views\page\market floor\edit_floor.php(19): CodeIgniter\Debug\Exceptions->errorHandler(2, 'Attempt to read property "id_market" on string', 'C:\\Users\\ASUS\\Documents\\Web\\CI4\\sukmar\\app\\Views\\page\\market floor\\edit_floor.php', 19)
 2 SYSTEMPATH\View\View.php(228): include('C:\\Users\\ASUS\\Documents\\Web\\CI4\\sukmar\\app\\Views\\page\\market floor\\edit_floor.php')
 3 SYSTEMPATH\View\View.php(231): CodeIgniter\View\View->CodeIgniter\View\{closure}()
 4 SYSTEMPATH\Common.php(1190): CodeIgniter\View\View->render('page/market floor/edit_floor', [], true)
 5 APPPATH\Controllers\FloorPlanController.php(38): view('page/market floor/edit_floor', [...])
 6 SYSTEMPATH\CodeIgniter.php(942): App\Controllers\FloorPlanController->edit('15')
 7 SYSTEMPATH\CodeIgniter.php(502): CodeIgniter\CodeIgniter->runController(Object(App\Controllers\FloorPlanController))
 8 SYSTEMPATH\CodeIgniter.php(361): CodeIgniter\CodeIgniter->handleRequest(null, Object(Config\Cache), false)
 9 FCPATH\index.php(79): CodeIgniter\CodeIgniter->run()
10 SYSTEMPATH\Commands\Server\rewrite.php(47): require_once('C:\\Users\\ASUS\\Documents\\Web\\CI4\\sukmar\\public\\index.php')
CRITICAL - 2023-12-23 14:53:44 --> Attempt to read property "name_floor" on string
in APPPATH\Views\page\market floor\edit_floor.php on line 19.
 1 APPPATH\Views\page\market floor\edit_floor.php(19): CodeIgniter\Debug\Exceptions->errorHandler(2, 'Attempt to read property "name_floor" on string', 'C:\\Users\\ASUS\\Documents\\Web\\CI4\\sukmar\\app\\Views\\page\\market floor\\edit_floor.php', 19)
 2 SYSTEMPATH\View\View.php(228): include('C:\\Users\\ASUS\\Documents\\Web\\CI4\\sukmar\\app\\Views\\page\\market floor\\edit_floor.php')
 3 SYSTEMPATH\View\View.php(231): CodeIgniter\View\View->CodeIgniter\View\{closure}()
 4 SYSTEMPATH\Common.php(1190): CodeIgniter\View\View->render('page/market floor/edit_floor', [], true)
 5 APPPATH\Controllers\FloorPlanController.php(38): view('page/market floor/edit_floor', [...])
 6 SYSTEMPATH\CodeIgniter.php(942): App\Controllers\FloorPlanController->edit('15')
 7 SYSTEMPATH\CodeIgniter.php(502): CodeIgniter\CodeIgniter->runController(Object(App\Controllers\FloorPlanController))
 8 SYSTEMPATH\CodeIgniter.php(361): CodeIgniter\CodeIgniter->handleRequest(null, Object(Config\Cache), false)
 9 FCPATH\index.php(79): CodeIgniter\CodeIgniter->run()
10 SYSTEMPATH\Commands\Server\rewrite.php(47): require_once('C:\\Users\\ASUS\\Documents\\Web\\CI4\\sukmar\\public\\index.php')
CRITICAL - 2023-12-23 14:54:03 --> Attempt to read property "id_market" on string
in APPPATH\Views\page\market floor\edit_floor.php on line 16.
 1 APPPATH\Views\page\market floor\edit_floor.php(16): CodeIgniter\Debug\Exceptions->errorHandler(2, 'Attempt to read property "id_market" on string', 'C:\\Users\\ASUS\\Documents\\Web\\CI4\\sukmar\\app\\Views\\page\\market floor\\edit_floor.php', 16)
 2 SYSTEMPATH\View\View.php(228): include('C:\\Users\\ASUS\\Documents\\Web\\CI4\\sukmar\\app\\Views\\page\\market floor\\edit_floor.php')
 3 SYSTEMPATH\View\View.php(231): CodeIgniter\View\View->CodeIgniter\View\{closure}()
 4 SYSTEMPATH\Common.php(1190): CodeIgniter\View\View->render('page/market floor/edit_floor', [], true)
 5 APPPATH\Controllers\FloorPlanController.php(38): view('page/market floor/edit_floor', [...])
 6 SYSTEMPATH\CodeIgniter.php(942): App\Controllers\FloorPlanController->edit('15')
 7 SYSTEMPATH\CodeIgniter.php(502): CodeIgniter\CodeIgniter->runController(Object(App\Controllers\FloorPlanController))
 8 SYSTEMPATH\CodeIgniter.php(361): CodeIgniter\CodeIgniter->handleRequest(null, Object(Config\Cache), false)
 9 FCPATH\index.php(79): CodeIgniter\CodeIgniter->run()
10 SYSTEMPATH\Commands\Server\rewrite.php(47): require_once('C:\\Users\\ASUS\\Documents\\Web\\CI4\\sukmar\\public\\index.php')
CRITICAL - 2023-12-23 14:55:05 --> Attempt to read property "id_market" on string
in APPPATH\Views\page\market floor\edit_floor.php on line 16.
 1 APPPATH\Views\page\market floor\edit_floor.php(16): CodeIgniter\Debug\Exceptions->errorHandler(2, 'Attempt to read property "id_market" on string', 'C:\\Users\\ASUS\\Documents\\Web\\CI4\\sukmar\\app\\Views\\page\\market floor\\edit_floor.php', 16)
 2 SYSTEMPATH\View\View.php(228): include('C:\\Users\\ASUS\\Documents\\Web\\CI4\\sukmar\\app\\Views\\page\\market floor\\edit_floor.php')
 3 SYSTEMPATH\View\View.php(231): CodeIgniter\View\View->CodeIgniter\View\{closure}()
 4 SYSTEMPATH\Common.php(1190): CodeIgniter\View\View->render('page/market floor/edit_floor', [], true)
 5 APPPATH\Controllers\FloorPlanController.php(38): view('page/market floor/edit_floor', [...])
 6 SYSTEMPATH\CodeIgniter.php(942): App\Controllers\FloorPlanController->edit('15')
 7 SYSTEMPATH\CodeIgniter.php(502): CodeIgniter\CodeIgniter->runController(Object(App\Controllers\FloorPlanController))
 8 SYSTEMPATH\CodeIgniter.php(361): CodeIgniter\CodeIgniter->handleRequest(null, Object(Config\Cache), false)
 9 FCPATH\index.php(79): CodeIgniter\CodeIgniter->run()
10 SYSTEMPATH\Commands\Server\rewrite.php(47): require_once('C:\\Users\\ASUS\\Documents\\Web\\CI4\\sukmar\\public\\index.php')
CRITICAL - 2023-12-23 14:55:10 --> Attempt to read property "id_market" on string
in APPPATH\Views\page\market floor\edit_floor.php on line 16.
 1 APPPATH\Views\page\market floor\edit_floor.php(16): CodeIgniter\Debug\Exceptions->errorHandler(2, 'Attempt to read property "id_market" on string', 'C:\\Users\\ASUS\\Documents\\Web\\CI4\\sukmar\\app\\Views\\page\\market floor\\edit_floor.php', 16)
 2 SYSTEMPATH\View\View.php(228): include('C:\\Users\\ASUS\\Documents\\Web\\CI4\\sukmar\\app\\Views\\page\\market floor\\edit_floor.php')
 3 SYSTEMPATH\View\View.php(231): CodeIgniter\View\View->CodeIgniter\View\{closure}()
 4 SYSTEMPATH\Common.php(1190): CodeIgniter\View\View->render('page/market floor/edit_floor', [], true)
 5 APPPATH\Controllers\FloorPlanController.php(38): view('page/market floor/edit_floor', [...])
 6 SYSTEMPATH\CodeIgniter.php(942): App\Controllers\FloorPlanController->edit('15')
 7 SYSTEMPATH\CodeIgniter.php(502): CodeIgniter\CodeIgniter->runController(Object(App\Controllers\FloorPlanController))
 8 SYSTEMPATH\CodeIgniter.php(361): CodeIgniter\CodeIgniter->handleRequest(null, Object(Config\Cache), false)
 9 FCPATH\index.php(79): CodeIgniter\CodeIgniter->run()
10 SYSTEMPATH\Commands\Server\rewrite.php(47): require_once('C:\\Users\\ASUS\\Documents\\Web\\CI4\\sukmar\\public\\index.php')
