CRITICAL - 2023-12-26 10:33:50 --> Call to a member function isValid() on null
in APPPATH\Controllers\FloorPlanController.php on line 47.
 1 SYSTEMPATH\CodeIgniter.php(942): App\Controllers\FloorPlanController->store()
 2 SYSTEMPATH\CodeIgniter.php(502): CodeIgniter\CodeIgniter->runController(Object(App\Controllers\FloorPlanController))
 3 SYSTEMPATH\CodeIgniter.php(361): CodeIgniter\CodeIgniter->handleRequest(null, Object(Config\Cache), false)
 4 FCPATH\index.php(79): CodeIgniter\CodeIgniter->run()
 5 SYSTEMPATH\Commands\Server\rewrite.php(47): require_once('C:\\Users\\ASUS\\Documents\\Web\\CI4\\sukmar\\public\\index.php')
INFO - 2023-12-26 10:35:28 --> Session: Class initialized using 'CodeIgniter\Session\Handlers\FileHandler' driver.
INFO - 2023-12-26 10:35:41 --> Session: Class initialized using 'CodeIgniter\Session\Handlers\FileHandler' driver.
INFO - 2023-12-26 10:36:14 --> Session: Class initialized using 'CodeIgniter\Session\Handlers\FileHandler' driver.
CRITICAL - 2023-12-26 10:42:36 --> Updates are not allowed unless they contain a "where" or "like" clause.
in SYSTEMPATH\Model.php on line 380.
 1 SYSTEMPATH\BaseModel.php(949): CodeIgniter\Model->doUpdate(null, [...])
 2 SYSTEMPATH\Model.php(776): CodeIgniter\BaseModel->update(null, [...])
 3 APPPATH\Controllers\FloorPlanController.php(96): CodeIgniter\Model->update(null, [...])
 4 SYSTEMPATH\CodeIgniter.php(942): App\Controllers\FloorPlanController->update()
 5 SYSTEMPATH\CodeIgniter.php(502): CodeIgniter\CodeIgniter->runController(Object(App\Controllers\FloorPlanController))
 6 SYSTEMPATH\CodeIgniter.php(361): CodeIgniter\CodeIgniter->handleRequest(null, Object(Config\Cache), false)
 7 FCPATH\index.php(79): CodeIgniter\CodeIgniter->run()
 8 SYSTEMPATH\Commands\Server\rewrite.php(47): require_once('C:\\Users\\ASUS\\Documents\\Web\\CI4\\sukmar\\public\\index.php')
CRITICAL - 2023-12-26 10:44:04 --> Updates are not allowed unless they contain a "where" or "like" clause.
in SYSTEMPATH\Model.php on line 380.
 1 SYSTEMPATH\BaseModel.php(949): CodeIgniter\Model->doUpdate(null, [...])
 2 SYSTEMPATH\Model.php(776): CodeIgniter\BaseModel->update(null, [...])
 3 APPPATH\Controllers\FloorPlanController.php(96): CodeIgniter\Model->update(null, [...])
 4 SYSTEMPATH\CodeIgniter.php(942): App\Controllers\FloorPlanController->update()
 5 SYSTEMPATH\CodeIgniter.php(502): CodeIgniter\CodeIgniter->runController(Object(App\Controllers\FloorPlanController))
 6 SYSTEMPATH\CodeIgniter.php(361): CodeIgniter\CodeIgniter->handleRequest(null, Object(Config\Cache), false)
 7 FCPATH\index.php(79): CodeIgniter\CodeIgniter->run()
 8 SYSTEMPATH\Commands\Server\rewrite.php(47): require_once('C:\\Users\\ASUS\\Documents\\Web\\CI4\\sukmar\\public\\index.php')
CRITICAL - 2023-12-26 13:48:18 --> foreach() argument must be of type array|object, null given
in APPPATH\Controllers\ProductController.php on line 72.
 1 APPPATH\Controllers\ProductController.php(72): CodeIgniter\Debug\Exceptions->errorHandler(2, 'foreach() argument must be of type array|object, null given', 'C:\\Users\\ASUS\\Documents\\Web\\CI4\\sukmar\\app\\Controllers\\ProductController.php', 72)
 2 SYSTEMPATH\CodeIgniter.php(942): App\Controllers\ProductController->store()
 3 SYSTEMPATH\CodeIgniter.php(502): CodeIgniter\CodeIgniter->runController(Object(App\Controllers\ProductController))
 4 SYSTEMPATH\CodeIgniter.php(361): CodeIgniter\CodeIgniter->handleRequest(null, Object(Config\Cache), false)
 5 FCPATH\index.php(79): CodeIgniter\CodeIgniter->run()
 6 SYSTEMPATH\Commands\Server\rewrite.php(47): require_once('C:\\Users\\ASUS\\Documents\\Web\\CI4\\sukmar\\public\\index.php')
ERROR - 2023-12-26 13:49:33 --> mysqli_sql_exception: Operand should contain 1 column(s) in C:\Users\ASUS\Documents\Web\CI4\sukmar\system\Database\MySQLi\Connection.php:306
Stack trace:
#0 C:\Users\ASUS\Documents\Web\CI4\sukmar\system\Database\MySQLi\Connection.php(306): mysqli->query('INSERT INTO `pr...', 0)
#1 C:\Users\ASUS\Documents\Web\CI4\sukmar\system\Database\BaseConnection.php(693): CodeIgniter\Database\MySQLi\Connection->execute('INSERT INTO `pr...')
#2 C:\Users\ASUS\Documents\Web\CI4\sukmar\system\Database\BaseConnection.php(607): CodeIgniter\Database\BaseConnection->simpleQuery('INSERT INTO `pr...')
#3 C:\Users\ASUS\Documents\Web\CI4\sukmar\system\Database\BaseBuilder.php(2308): CodeIgniter\Database\BaseConnection->query('INSERT INTO `pr...', Array, false)
#4 C:\Users\ASUS\Documents\Web\CI4\sukmar\system\Model.php(319): CodeIgniter\Database\BaseBuilder->insert()
#5 C:\Users\ASUS\Documents\Web\CI4\sukmar\system\BaseModel.php(788): CodeIgniter\Model->doInsert(Array)
#6 C:\Users\ASUS\Documents\Web\CI4\sukmar\system\Model.php(715): CodeIgniter\BaseModel->insert(Array, true)
#7 C:\Users\ASUS\Documents\Web\CI4\sukmar\app\Controllers\ProductController.php(81): CodeIgniter\Model->insert(Array)
#8 C:\Users\ASUS\Documents\Web\CI4\sukmar\system\CodeIgniter.php(942): App\Controllers\ProductController->store()
#9 C:\Users\ASUS\Documents\Web\CI4\sukmar\system\CodeIgniter.php(502): CodeIgniter\CodeIgniter->runController(Object(App\Controllers\ProductController))
#10 C:\Users\ASUS\Documents\Web\CI4\sukmar\system\CodeIgniter.php(361): CodeIgniter\CodeIgniter->handleRequest(NULL, Object(Config\Cache), false)
#11 C:\Users\ASUS\Documents\Web\CI4\sukmar\public\index.php(79): CodeIgniter\CodeIgniter->run()
#12 C:\Users\ASUS\Documents\Web\CI4\sukmar\system\Commands\Server\rewrite.php(47): require_once('C:\\Users\\ASUS\\D...')
#13 {main}
CRITICAL - 2023-12-26 13:49:33 --> Operand should contain 1 column(s)
in SYSTEMPATH\Database\BaseConnection.php on line 647.
 1 SYSTEMPATH\Database\BaseBuilder.php(2308): CodeIgniter\Database\BaseConnection->query('INSERT INTO `product` (`name_product`, `description_product`, `asset_url`, `category`, `status`, `picture_product`) VALUES (:name_product:, :description_product:, :asset_url:, :category:, :status:, :picture_product:)', [...], false)
 2 SYSTEMPATH\Model.php(319): CodeIgniter\Database\BaseBuilder->insert()
 3 SYSTEMPATH\BaseModel.php(788): CodeIgniter\Model->doInsert([...])
 4 SYSTEMPATH\Model.php(715): CodeIgniter\BaseModel->insert([...], true)
 5 APPPATH\Controllers\ProductController.php(81): CodeIgniter\Model->insert([...])
 6 SYSTEMPATH\CodeIgniter.php(942): App\Controllers\ProductController->store()
 7 SYSTEMPATH\CodeIgniter.php(502): CodeIgniter\CodeIgniter->runController(Object(App\Controllers\ProductController))
 8 SYSTEMPATH\CodeIgniter.php(361): CodeIgniter\CodeIgniter->handleRequest(null, Object(Config\Cache), false)
 9 FCPATH\index.php(79): CodeIgniter\CodeIgniter->run()
10 SYSTEMPATH\Commands\Server\rewrite.php(47): require_once('C:\\Users\\ASUS\\Documents\\Web\\CI4\\sukmar\\public\\index.php')
INFO - 2023-12-26 13:51:26 --> Session: Class initialized using 'CodeIgniter\Session\Handlers\FileHandler' driver.
CRITICAL - 2023-12-26 14:07:49 --> There is no data to insert.
in SYSTEMPATH\BaseModel.php on line 768.
 1 SYSTEMPATH\BaseModel.php(768): CodeIgniter\Database\Exceptions\DataException::forEmptyDataset('insert')
 2 SYSTEMPATH\Model.php(715): CodeIgniter\BaseModel->insert([], true)
 3 APPPATH\Controllers\FloorProductController.php(56): CodeIgniter\Model->insert([...])
 4 SYSTEMPATH\CodeIgniter.php(942): App\Controllers\FloorProductController->store()
 5 SYSTEMPATH\CodeIgniter.php(502): CodeIgniter\CodeIgniter->runController(Object(App\Controllers\FloorProductController))
 6 SYSTEMPATH\CodeIgniter.php(361): CodeIgniter\CodeIgniter->handleRequest(null, Object(Config\Cache), false)
 7 FCPATH\index.php(79): CodeIgniter\CodeIgniter->run()
 8 SYSTEMPATH\Commands\Server\rewrite.php(47): require_once('C:\\Users\\ASUS\\Documents\\Web\\CI4\\sukmar\\public\\index.php')
CRITICAL - 2023-12-26 14:08:50 --> Undefined property: stdClass::$idfloor
in APPPATH\Views\page\product floor\edit_floor.php on line 27.
 1 APPPATH\Views\page\product floor\edit_floor.php(27): CodeIgniter\Debug\Exceptions->errorHandler(2, 'Undefined property: stdClass::$idfloor', 'C:\\Users\\ASUS\\Documents\\Web\\CI4\\sukmar\\app\\Views\\page\\product floor\\edit_floor.php', 27)
 2 SYSTEMPATH\View\View.php(228): include('C:\\Users\\ASUS\\Documents\\Web\\CI4\\sukmar\\app\\Views\\page\\product floor\\edit_floor.php')
 3 SYSTEMPATH\View\View.php(231): CodeIgniter\View\View->CodeIgniter\View\{closure}()
 4 SYSTEMPATH\Common.php(1190): CodeIgniter\View\View->render('page/product floor/edit_floor', [], true)
 5 APPPATH\Controllers\FloorProductController.php(44): view('page/product floor/edit_floor', [...])
 6 SYSTEMPATH\CodeIgniter.php(942): App\Controllers\FloorProductController->edit('11')
 7 SYSTEMPATH\CodeIgniter.php(502): CodeIgniter\CodeIgniter->runController(Object(App\Controllers\FloorProductController))
 8 SYSTEMPATH\CodeIgniter.php(361): CodeIgniter\CodeIgniter->handleRequest(null, Object(Config\Cache), false)
 9 FCPATH\index.php(79): CodeIgniter\CodeIgniter->run()
10 SYSTEMPATH\Commands\Server\rewrite.php(47): require_once('C:\\Users\\ASUS\\Documents\\Web\\CI4\\sukmar\\public\\index.php')
CRITICAL - 2023-12-26 14:14:21 --> There is no data to update.
in SYSTEMPATH\BaseModel.php on line 930.
 1 SYSTEMPATH\BaseModel.php(930): CodeIgniter\Database\Exceptions\DataException::forEmptyDataset('update')
 2 SYSTEMPATH\Model.php(776): CodeIgniter\BaseModel->update([...], [])
 3 APPPATH\Controllers\FloorProductController.php(72): CodeIgniter\Model->update('11', [...])
 4 SYSTEMPATH\CodeIgniter.php(942): App\Controllers\FloorProductController->update()
 5 SYSTEMPATH\CodeIgniter.php(502): CodeIgniter\CodeIgniter->runController(Object(App\Controllers\FloorProductController))
 6 SYSTEMPATH\CodeIgniter.php(361): CodeIgniter\CodeIgniter->handleRequest(null, Object(Config\Cache), false)
 7 FCPATH\index.php(79): CodeIgniter\CodeIgniter->run()
 8 SYSTEMPATH\Commands\Server\rewrite.php(47): require_once('C:\\Users\\ASUS\\Documents\\Web\\CI4\\sukmar\\public\\index.php')
CRITICAL - 2023-12-26 14:14:36 --> There is no data to update.
in SYSTEMPATH\BaseModel.php on line 930.
 1 SYSTEMPATH\BaseModel.php(930): CodeIgniter\Database\Exceptions\DataException::forEmptyDataset('update')
 2 SYSTEMPATH\Model.php(776): CodeIgniter\BaseModel->update([...], [])
 3 APPPATH\Controllers\FloorProductController.php(72): CodeIgniter\Model->update('11', [...])
 4 SYSTEMPATH\CodeIgniter.php(942): App\Controllers\FloorProductController->update()
 5 SYSTEMPATH\CodeIgniter.php(502): CodeIgniter\CodeIgniter->runController(Object(App\Controllers\FloorProductController))
 6 SYSTEMPATH\CodeIgniter.php(361): CodeIgniter\CodeIgniter->handleRequest(null, Object(Config\Cache), false)
 7 FCPATH\index.php(79): CodeIgniter\CodeIgniter->run()
 8 SYSTEMPATH\Commands\Server\rewrite.php(47): require_once('C:\\Users\\ASUS\\Documents\\Web\\CI4\\sukmar\\public\\index.php')
CRITICAL - 2023-12-26 14:32:07 --> Attempt to read property "picture_varian" on array
in APPPATH\Controllers\ProductController.php on line 188.
 1 APPPATH\Controllers\ProductController.php(188): CodeIgniter\Debug\Exceptions->errorHandler(2, 'Attempt to read property "picture_varian" on array', 'C:\\Users\\ASUS\\Documents\\Web\\CI4\\sukmar\\app\\Controllers\\ProductController.php', 188)
 2 SYSTEMPATH\CodeIgniter.php(942): App\Controllers\ProductController->delete('31')
 3 SYSTEMPATH\CodeIgniter.php(502): CodeIgniter\CodeIgniter->runController(Object(App\Controllers\ProductController))
 4 SYSTEMPATH\CodeIgniter.php(361): CodeIgniter\CodeIgniter->handleRequest(null, Object(Config\Cache), false)
 5 FCPATH\index.php(79): CodeIgniter\CodeIgniter->run()
 6 SYSTEMPATH\Commands\Server\rewrite.php(47): require_once('C:\\Users\\ASUS\\Documents\\Web\\CI4\\sukmar\\public\\index.php')
CRITICAL - 2023-12-26 14:32:38 --> Undefined array key "picture_varian"
in APPPATH\Controllers\ProductController.php on line 188.
 1 APPPATH\Controllers\ProductController.php(188): CodeIgniter\Debug\Exceptions->errorHandler(2, 'Undefined array key "picture_varian"', 'C:\\Users\\ASUS\\Documents\\Web\\CI4\\sukmar\\app\\Controllers\\ProductController.php', 188)
 2 SYSTEMPATH\CodeIgniter.php(942): App\Controllers\ProductController->delete('31')
 3 SYSTEMPATH\CodeIgniter.php(502): CodeIgniter\CodeIgniter->runController(Object(App\Controllers\ProductController))
 4 SYSTEMPATH\CodeIgniter.php(361): CodeIgniter\CodeIgniter->handleRequest(null, Object(Config\Cache), false)
 5 FCPATH\index.php(79): CodeIgniter\CodeIgniter->run()
 6 SYSTEMPATH\Commands\Server\rewrite.php(47): require_once('C:\\Users\\ASUS\\Documents\\Web\\CI4\\sukmar\\public\\index.php')
CRITICAL - 2023-12-26 14:33:12 --> Attempt to read property "picture_varian" on array
in APPPATH\Controllers\ProductController.php on line 179.
 1 APPPATH\Controllers\ProductController.php(179): CodeIgniter\Debug\Exceptions->errorHandler(2, 'Attempt to read property "picture_varian" on array', 'C:\\Users\\ASUS\\Documents\\Web\\CI4\\sukmar\\app\\Controllers\\ProductController.php', 179)
 2 SYSTEMPATH\CodeIgniter.php(942): App\Controllers\ProductController->delete('31')
 3 SYSTEMPATH\CodeIgniter.php(502): CodeIgniter\CodeIgniter->runController(Object(App\Controllers\ProductController))
 4 SYSTEMPATH\CodeIgniter.php(361): CodeIgniter\CodeIgniter->handleRequest(null, Object(Config\Cache), false)
 5 FCPATH\index.php(79): CodeIgniter\CodeIgniter->run()
 6 SYSTEMPATH\Commands\Server\rewrite.php(47): require_once('C:\\Users\\ASUS\\Documents\\Web\\CI4\\sukmar\\public\\index.php')
CRITICAL - 2023-12-26 14:33:38 --> Undefined array key "picture_varian"
in APPPATH\Controllers\ProductController.php on line 179.
 1 APPPATH\Controllers\ProductController.php(179): CodeIgniter\Debug\Exceptions->errorHandler(2, 'Undefined array key "picture_varian"', 'C:\\Users\\ASUS\\Documents\\Web\\CI4\\sukmar\\app\\Controllers\\ProductController.php', 179)
 2 SYSTEMPATH\CodeIgniter.php(942): App\Controllers\ProductController->delete('31')
 3 SYSTEMPATH\CodeIgniter.php(502): CodeIgniter\CodeIgniter->runController(Object(App\Controllers\ProductController))
 4 SYSTEMPATH\CodeIgniter.php(361): CodeIgniter\CodeIgniter->handleRequest(null, Object(Config\Cache), false)
 5 FCPATH\index.php(79): CodeIgniter\CodeIgniter->run()
 6 SYSTEMPATH\Commands\Server\rewrite.php(47): require_once('C:\\Users\\ASUS\\Documents\\Web\\CI4\\sukmar\\public\\index.php')
ERROR - 2023-12-26 14:34:53 --> mysqli_sql_exception: Cannot delete or update a parent row: a foreign key constraint fails (`sukmar`.`product_market`, CONSTRAINT `product_market_ibfk_1` FOREIGN KEY (`id_product`) REFERENCES `product` (`id`)) in C:\Users\ASUS\Documents\Web\CI4\sukmar\system\Database\MySQLi\Connection.php:306
Stack trace:
#0 C:\Users\ASUS\Documents\Web\CI4\sukmar\system\Database\MySQLi\Connection.php(306): mysqli->query('DELETE FROM `pr...', 0)
#1 C:\Users\ASUS\Documents\Web\CI4\sukmar\system\Database\BaseConnection.php(693): CodeIgniter\Database\MySQLi\Connection->execute('DELETE FROM `pr...')
#2 C:\Users\ASUS\Documents\Web\CI4\sukmar\system\Database\BaseConnection.php(607): CodeIgniter\Database\BaseConnection->simpleQuery('DELETE FROM `pr...')
#3 C:\Users\ASUS\Documents\Web\CI4\sukmar\system\Database\BaseBuilder.php(2790): CodeIgniter\Database\BaseConnection->query('DELETE FROM `pr...', Array, false)
#4 C:\Users\ASUS\Documents\Web\CI4\sukmar\system\Model.php(445): CodeIgniter\Database\BaseBuilder->delete()
#5 C:\Users\ASUS\Documents\Web\CI4\sukmar\system\BaseModel.php(1080): CodeIgniter\Model->doDelete(Array, false)
#6 C:\Users\ASUS\Documents\Web\CI4\sukmar\app\Controllers\ProductController.php(194): CodeIgniter\BaseModel->delete(Array)
#7 C:\Users\ASUS\Documents\Web\CI4\sukmar\system\CodeIgniter.php(942): App\Controllers\ProductController->delete('31')
#8 C:\Users\ASUS\Documents\Web\CI4\sukmar\system\CodeIgniter.php(502): CodeIgniter\CodeIgniter->runController(Object(App\Controllers\ProductController))
#9 C:\Users\ASUS\Documents\Web\CI4\sukmar\system\CodeIgniter.php(361): CodeIgniter\CodeIgniter->handleRequest(NULL, Object(Config\Cache), false)
#10 C:\Users\ASUS\Documents\Web\CI4\sukmar\public\index.php(79): CodeIgniter\CodeIgniter->run()
#11 C:\Users\ASUS\Documents\Web\CI4\sukmar\system\Commands\Server\rewrite.php(47): require_once('C:\\Users\\ASUS\\D...')
#12 {main}
CRITICAL - 2023-12-26 14:34:53 --> Cannot delete or update a parent row: a foreign key constraint fails (`sukmar`.`product_market`, CONSTRAINT `product_market_ibfk_1` FOREIGN KEY (`id_product`) REFERENCES `product` (`id`))
in SYSTEMPATH\Database\BaseConnection.php on line 647.
 1 SYSTEMPATH\Database\BaseBuilder.php(2790): CodeIgniter\Database\BaseConnection->query('DELETE FROM `product`
WHERE `id` IN :id:', [...], false)
 2 SYSTEMPATH\Model.php(445): CodeIgniter\Database\BaseBuilder->delete()
 3 SYSTEMPATH\BaseModel.php(1080): CodeIgniter\Model->doDelete([...], false)
 4 APPPATH\Controllers\ProductController.php(194): CodeIgniter\BaseModel->delete([...])
 5 SYSTEMPATH\CodeIgniter.php(942): App\Controllers\ProductController->delete('31')
 6 SYSTEMPATH\CodeIgniter.php(502): CodeIgniter\CodeIgniter->runController(Object(App\Controllers\ProductController))
 7 SYSTEMPATH\CodeIgniter.php(361): CodeIgniter\CodeIgniter->handleRequest(null, Object(Config\Cache), false)
 8 FCPATH\index.php(79): CodeIgniter\CodeIgniter->run()
 9 SYSTEMPATH\Commands\Server\rewrite.php(47): require_once('C:\\Users\\ASUS\\Documents\\Web\\CI4\\sukmar\\public\\index.php')
CRITICAL - 2023-12-26 14:35:21 --> Undefined array key 0
in APPPATH\Controllers\ProductController.php on line 188.
 1 APPPATH\Controllers\ProductController.php(188): CodeIgniter\Debug\Exceptions->errorHandler(2, 'Undefined array key 0', 'C:\\Users\\ASUS\\Documents\\Web\\CI4\\sukmar\\app\\Controllers\\ProductController.php', 188)
 2 SYSTEMPATH\CodeIgniter.php(942): App\Controllers\ProductController->delete('31')
 3 SYSTEMPATH\CodeIgniter.php(502): CodeIgniter\CodeIgniter->runController(Object(App\Controllers\ProductController))
 4 SYSTEMPATH\CodeIgniter.php(361): CodeIgniter\CodeIgniter->handleRequest(null, Object(Config\Cache), false)
 5 FCPATH\index.php(79): CodeIgniter\CodeIgniter->run()
 6 SYSTEMPATH\Commands\Server\rewrite.php(47): require_once('C:\\Users\\ASUS\\Documents\\Web\\CI4\\sukmar\\public\\index.php')
ERROR - 2023-12-26 14:36:20 --> mysqli_sql_exception: Cannot delete or update a parent row: a foreign key constraint fails (`sukmar`.`floor_product`, CONSTRAINT `floor_product_ibfk_2` FOREIGN KEY (`id_product`) REFERENCES `product` (`id`)) in C:\Users\ASUS\Documents\Web\CI4\sukmar\system\Database\MySQLi\Connection.php:306
Stack trace:
#0 C:\Users\ASUS\Documents\Web\CI4\sukmar\system\Database\MySQLi\Connection.php(306): mysqli->query('DELETE FROM `pr...', 0)
#1 C:\Users\ASUS\Documents\Web\CI4\sukmar\system\Database\BaseConnection.php(693): CodeIgniter\Database\MySQLi\Connection->execute('DELETE FROM `pr...')
#2 C:\Users\ASUS\Documents\Web\CI4\sukmar\system\Database\BaseConnection.php(607): CodeIgniter\Database\BaseConnection->simpleQuery('DELETE FROM `pr...')
#3 C:\Users\ASUS\Documents\Web\CI4\sukmar\system\Database\BaseBuilder.php(2790): CodeIgniter\Database\BaseConnection->query('DELETE FROM `pr...', Array, false)
#4 C:\Users\ASUS\Documents\Web\CI4\sukmar\system\Model.php(445): CodeIgniter\Database\BaseBuilder->delete()
#5 C:\Users\ASUS\Documents\Web\CI4\sukmar\system\BaseModel.php(1080): CodeIgniter\Model->doDelete(Array, false)
#6 C:\Users\ASUS\Documents\Web\CI4\sukmar\app\Controllers\ProductController.php(194): CodeIgniter\BaseModel->delete(Array)
#7 C:\Users\ASUS\Documents\Web\CI4\sukmar\system\CodeIgniter.php(942): App\Controllers\ProductController->delete('30')
#8 C:\Users\ASUS\Documents\Web\CI4\sukmar\system\CodeIgniter.php(502): CodeIgniter\CodeIgniter->runController(Object(App\Controllers\ProductController))
#9 C:\Users\ASUS\Documents\Web\CI4\sukmar\system\CodeIgniter.php(361): CodeIgniter\CodeIgniter->handleRequest(NULL, Object(Config\Cache), false)
#10 C:\Users\ASUS\Documents\Web\CI4\sukmar\public\index.php(79): CodeIgniter\CodeIgniter->run()
#11 C:\Users\ASUS\Documents\Web\CI4\sukmar\system\Commands\Server\rewrite.php(47): require_once('C:\\Users\\ASUS\\D...')
#12 {main}
CRITICAL - 2023-12-26 14:36:20 --> Cannot delete or update a parent row: a foreign key constraint fails (`sukmar`.`floor_product`, CONSTRAINT `floor_product_ibfk_2` FOREIGN KEY (`id_product`) REFERENCES `product` (`id`))
in SYSTEMPATH\Database\BaseConnection.php on line 647.
 1 SYSTEMPATH\Database\BaseBuilder.php(2790): CodeIgniter\Database\BaseConnection->query('DELETE FROM `product`
WHERE `id` IN :id:', [...], false)
 2 SYSTEMPATH\Model.php(445): CodeIgniter\Database\BaseBuilder->delete()
 3 SYSTEMPATH\BaseModel.php(1080): CodeIgniter\Model->doDelete([...], false)
 4 APPPATH\Controllers\ProductController.php(194): CodeIgniter\BaseModel->delete([...])
 5 SYSTEMPATH\CodeIgniter.php(942): App\Controllers\ProductController->delete('30')
 6 SYSTEMPATH\CodeIgniter.php(502): CodeIgniter\CodeIgniter->runController(Object(App\Controllers\ProductController))
 7 SYSTEMPATH\CodeIgniter.php(361): CodeIgniter\CodeIgniter->handleRequest(null, Object(Config\Cache), false)
 8 FCPATH\index.php(79): CodeIgniter\CodeIgniter->run()
 9 SYSTEMPATH\Commands\Server\rewrite.php(47): require_once('C:\\Users\\ASUS\\Documents\\Web\\CI4\\sukmar\\public\\index.php')
CRITICAL - 2023-12-26 14:36:41 --> Undefined array key 0
in APPPATH\Controllers\ProductController.php on line 188.
 1 APPPATH\Controllers\ProductController.php(188): CodeIgniter\Debug\Exceptions->errorHandler(2, 'Undefined array key 0', 'C:\\Users\\ASUS\\Documents\\Web\\CI4\\sukmar\\app\\Controllers\\ProductController.php', 188)
 2 SYSTEMPATH\CodeIgniter.php(942): App\Controllers\ProductController->delete('30')
 3 SYSTEMPATH\CodeIgniter.php(502): CodeIgniter\CodeIgniter->runController(Object(App\Controllers\ProductController))
 4 SYSTEMPATH\CodeIgniter.php(361): CodeIgniter\CodeIgniter->handleRequest(null, Object(Config\Cache), false)
 5 FCPATH\index.php(79): CodeIgniter\CodeIgniter->run()
 6 SYSTEMPATH\Commands\Server\rewrite.php(47): require_once('C:\\Users\\ASUS\\Documents\\Web\\CI4\\sukmar\\public\\index.php')
ERROR - 2023-12-26 14:36:57 --> mysqli_sql_exception: Cannot delete or update a parent row: a foreign key constraint fails (`sukmar`.`product_market`, CONSTRAINT `product_market_ibfk_1` FOREIGN KEY (`id_product`) REFERENCES `product` (`id`)) in C:\Users\ASUS\Documents\Web\CI4\sukmar\system\Database\MySQLi\Connection.php:306
Stack trace:
#0 C:\Users\ASUS\Documents\Web\CI4\sukmar\system\Database\MySQLi\Connection.php(306): mysqli->query('DELETE FROM `pr...', 0)
#1 C:\Users\ASUS\Documents\Web\CI4\sukmar\system\Database\BaseConnection.php(693): CodeIgniter\Database\MySQLi\Connection->execute('DELETE FROM `pr...')
#2 C:\Users\ASUS\Documents\Web\CI4\sukmar\system\Database\BaseConnection.php(607): CodeIgniter\Database\BaseConnection->simpleQuery('DELETE FROM `pr...')
#3 C:\Users\ASUS\Documents\Web\CI4\sukmar\system\Database\BaseBuilder.php(2790): CodeIgniter\Database\BaseConnection->query('DELETE FROM `pr...', Array, false)
#4 C:\Users\ASUS\Documents\Web\CI4\sukmar\system\Model.php(445): CodeIgniter\Database\BaseBuilder->delete()
#5 C:\Users\ASUS\Documents\Web\CI4\sukmar\system\BaseModel.php(1080): CodeIgniter\Model->doDelete(Array, false)
#6 C:\Users\ASUS\Documents\Web\CI4\sukmar\app\Controllers\ProductController.php(194): CodeIgniter\BaseModel->delete(Array)
#7 C:\Users\ASUS\Documents\Web\CI4\sukmar\system\CodeIgniter.php(942): App\Controllers\ProductController->delete('29')
#8 C:\Users\ASUS\Documents\Web\CI4\sukmar\system\CodeIgniter.php(502): CodeIgniter\CodeIgniter->runController(Object(App\Controllers\ProductController))
#9 C:\Users\ASUS\Documents\Web\CI4\sukmar\system\CodeIgniter.php(361): CodeIgniter\CodeIgniter->handleRequest(NULL, Object(Config\Cache), false)
#10 C:\Users\ASUS\Documents\Web\CI4\sukmar\public\index.php(79): CodeIgniter\CodeIgniter->run()
#11 C:\Users\ASUS\Documents\Web\CI4\sukmar\system\Commands\Server\rewrite.php(47): require_once('C:\\Users\\ASUS\\D...')
#12 {main}
CRITICAL - 2023-12-26 14:36:58 --> Cannot delete or update a parent row: a foreign key constraint fails (`sukmar`.`product_market`, CONSTRAINT `product_market_ibfk_1` FOREIGN KEY (`id_product`) REFERENCES `product` (`id`))
in SYSTEMPATH\Database\BaseConnection.php on line 647.
 1 SYSTEMPATH\Database\BaseBuilder.php(2790): CodeIgniter\Database\BaseConnection->query('DELETE FROM `product`
WHERE `id` IN :id:', [...], false)
 2 SYSTEMPATH\Model.php(445): CodeIgniter\Database\BaseBuilder->delete()
 3 SYSTEMPATH\BaseModel.php(1080): CodeIgniter\Model->doDelete([...], false)
 4 APPPATH\Controllers\ProductController.php(194): CodeIgniter\BaseModel->delete([...])
 5 SYSTEMPATH\CodeIgniter.php(942): App\Controllers\ProductController->delete('29')
 6 SYSTEMPATH\CodeIgniter.php(502): CodeIgniter\CodeIgniter->runController(Object(App\Controllers\ProductController))
 7 SYSTEMPATH\CodeIgniter.php(361): CodeIgniter\CodeIgniter->handleRequest(null, Object(Config\Cache), false)
 8 FCPATH\index.php(79): CodeIgniter\CodeIgniter->run()
 9 SYSTEMPATH\Commands\Server\rewrite.php(47): require_once('C:\\Users\\ASUS\\Documents\\Web\\CI4\\sukmar\\public\\index.php')
INFO - 2023-12-26 14:38:22 --> Session: Class initialized using 'CodeIgniter\Session\Handlers\FileHandler' driver.
ERROR - 2023-12-26 14:44:01 --> mysqli_sql_exception: Cannot delete or update a parent row: a foreign key constraint fails (`sukmar`.`product_market`, CONSTRAINT `product_market_ibfk_2` FOREIGN KEY (`id_market`) REFERENCES `market` (`id`)) in C:\Users\ASUS\Documents\Web\CI4\sukmar\system\Database\MySQLi\Connection.php:306
Stack trace:
#0 C:\Users\ASUS\Documents\Web\CI4\sukmar\system\Database\MySQLi\Connection.php(306): mysqli->query('DELETE FROM `ma...', 0)
#1 C:\Users\ASUS\Documents\Web\CI4\sukmar\system\Database\BaseConnection.php(693): CodeIgniter\Database\MySQLi\Connection->execute('DELETE FROM `ma...')
#2 C:\Users\ASUS\Documents\Web\CI4\sukmar\system\Database\BaseConnection.php(607): CodeIgniter\Database\BaseConnection->simpleQuery('DELETE FROM `ma...')
#3 C:\Users\ASUS\Documents\Web\CI4\sukmar\system\Database\BaseBuilder.php(2790): CodeIgniter\Database\BaseConnection->query('DELETE FROM `ma...', Array, false)
#4 C:\Users\ASUS\Documents\Web\CI4\sukmar\system\Model.php(445): CodeIgniter\Database\BaseBuilder->delete()
#5 C:\Users\ASUS\Documents\Web\CI4\sukmar\system\BaseModel.php(1080): CodeIgniter\Model->doDelete(Array, false)
#6 C:\Users\ASUS\Documents\Web\CI4\sukmar\app\Controllers\MarketController.php(154): CodeIgniter\BaseModel->delete(Array)
#7 C:\Users\ASUS\Documents\Web\CI4\sukmar\system\CodeIgniter.php(942): App\Controllers\MarketController->delete('12')
#8 C:\Users\ASUS\Documents\Web\CI4\sukmar\system\CodeIgniter.php(502): CodeIgniter\CodeIgniter->runController(Object(App\Controllers\MarketController))
#9 C:\Users\ASUS\Documents\Web\CI4\sukmar\system\CodeIgniter.php(361): CodeIgniter\CodeIgniter->handleRequest(NULL, Object(Config\Cache), false)
#10 C:\Users\ASUS\Documents\Web\CI4\sukmar\public\index.php(79): CodeIgniter\CodeIgniter->run()
#11 C:\Users\ASUS\Documents\Web\CI4\sukmar\system\Commands\Server\rewrite.php(47): require_once('C:\\Users\\ASUS\\D...')
#12 {main}
CRITICAL - 2023-12-26 14:44:01 --> Cannot delete or update a parent row: a foreign key constraint fails (`sukmar`.`product_market`, CONSTRAINT `product_market_ibfk_2` FOREIGN KEY (`id_market`) REFERENCES `market` (`id`))
in SYSTEMPATH\Database\BaseConnection.php on line 647.
 1 SYSTEMPATH\Database\BaseBuilder.php(2790): CodeIgniter\Database\BaseConnection->query('DELETE FROM `market`
WHERE `id` IN :id:', [...], false)
 2 SYSTEMPATH\Model.php(445): CodeIgniter\Database\BaseBuilder->delete()
 3 SYSTEMPATH\BaseModel.php(1080): CodeIgniter\Model->doDelete([...], false)
 4 APPPATH\Controllers\MarketController.php(154): CodeIgniter\BaseModel->delete([...])
 5 SYSTEMPATH\CodeIgniter.php(942): App\Controllers\MarketController->delete('12')
 6 SYSTEMPATH\CodeIgniter.php(502): CodeIgniter\CodeIgniter->runController(Object(App\Controllers\MarketController))
 7 SYSTEMPATH\CodeIgniter.php(361): CodeIgniter\CodeIgniter->handleRequest(null, Object(Config\Cache), false)
 8 FCPATH\index.php(79): CodeIgniter\CodeIgniter->run()
 9 SYSTEMPATH\Commands\Server\rewrite.php(47): require_once('C:\\Users\\ASUS\\Documents\\Web\\CI4\\sukmar\\public\\index.php')
CRITICAL - 2023-12-26 14:44:44 --> Undefined property: App\Controllers\MarketController::$productmarket
in APPPATH\Controllers\MarketController.php on line 157.
 1 APPPATH\Controllers\MarketController.php(157): CodeIgniter\Debug\Exceptions->errorHandler(2, 'Undefined property: App\\Controllers\\MarketController::$productmarket', 'C:\\Users\\ASUS\\Documents\\Web\\CI4\\sukmar\\app\\Controllers\\MarketController.php', 157)
 2 SYSTEMPATH\CodeIgniter.php(942): App\Controllers\MarketController->delete('12')
 3 SYSTEMPATH\CodeIgniter.php(502): CodeIgniter\CodeIgniter->runController(Object(App\Controllers\MarketController))
 4 SYSTEMPATH\CodeIgniter.php(361): CodeIgniter\CodeIgniter->handleRequest(null, Object(Config\Cache), false)
 5 FCPATH\index.php(79): CodeIgniter\CodeIgniter->run()
 6 SYSTEMPATH\Commands\Server\rewrite.php(47): require_once('C:\\Users\\ASUS\\Documents\\Web\\CI4\\sukmar\\public\\index.php')
INFO - 2023-12-26 14:45:00 --> Session: Class initialized using 'CodeIgniter\Session\Handlers\FileHandler' driver.
