CRITICAL - 2023-12-27 03:01:50 --> Undefined property: CodeIgniter\View\View::$uri
in APPPATH\Views\template\dashboard\sidebar.php on line 15.
 1 APPPATH\Views\template\dashboard\sidebar.php(15): CodeIgniter\Debug\Exceptions->errorHandler(2, 'Undefined property: CodeIgniter\\View\\View::$uri', 'C:\\Users\\ASUS\\Documents\\Web\\CI4\\sukmar\\app\\Views\\template\\dashboard\\sidebar.php', 15)
 2 SYSTEMPATH\View\View.php(228): include('C:\\Users\\ASUS\\Documents\\Web\\CI4\\sukmar\\app\\Views\\template\\dashboard\\sidebar.php')
 3 SYSTEMPATH\View\View.php(231): CodeIgniter\View\View->CodeIgniter\View\{closure}()
 4 SYSTEMPATH\View\View.php(469): CodeIgniter\View\View->render('template/dashboard/sidebar', null, true)
 5 APPPATH\Views\template\dashboard.php(55): CodeIgniter\View\View->include('template/dashboard/sidebar')
 6 SYSTEMPATH\View\View.php(228): include('C:\\Users\\ASUS\\Documents\\Web\\CI4\\sukmar\\app\\Views\\template\\dashboard.php')
 7 SYSTEMPATH\View\View.php(231): CodeIgniter\View\View->CodeIgniter\View\{closure}()
 8 SYSTEMPATH\View\View.php(244): CodeIgniter\View\View->render('template/dashboard', [], true)
 9 SYSTEMPATH\Common.php(1190): CodeIgniter\View\View->render('page/product/table_product', [], true)
10 APPPATH\Controllers\ProductController.php(36): view('page/product/table_product', [...])
11 SYSTEMPATH\CodeIgniter.php(942): App\Controllers\ProductController->index()
12 SYSTEMPATH\CodeIgniter.php(502): CodeIgniter\CodeIgniter->runController(Object(App\Controllers\ProductController))
13 SYSTEMPATH\CodeIgniter.php(361): CodeIgniter\CodeIgniter->handleRequest(null, Object(Config\Cache), false)
14 FCPATH\index.php(79): CodeIgniter\CodeIgniter->run()
15 SYSTEMPATH\Commands\Server\rewrite.php(47): require_once('C:\\Users\\ASUS\\Documents\\Web\\CI4\\sukmar\\public\\index.php')
CRITICAL - 2023-12-27 03:02:37 --> Undefined property: CodeIgniter\View\View::$uri
in APPPATH\Views\template\dashboard\sidebar.php on line 15.
 1 APPPATH\Views\template\dashboard\sidebar.php(15): CodeIgniter\Debug\Exceptions->errorHandler(2, 'Undefined property: CodeIgniter\\View\\View::$uri', 'C:\\Users\\ASUS\\Documents\\Web\\CI4\\sukmar\\app\\Views\\template\\dashboard\\sidebar.php', 15)
 2 SYSTEMPATH\View\View.php(228): include('C:\\Users\\ASUS\\Documents\\Web\\CI4\\sukmar\\app\\Views\\template\\dashboard\\sidebar.php')
 3 SYSTEMPATH\View\View.php(231): CodeIgniter\View\View->CodeIgniter\View\{closure}()
 4 SYSTEMPATH\View\View.php(469): CodeIgniter\View\View->render('template/dashboard/sidebar', null, true)
 5 APPPATH\Views\template\dashboard.php(55): CodeIgniter\View\View->include('template/dashboard/sidebar')
 6 SYSTEMPATH\View\View.php(228): include('C:\\Users\\ASUS\\Documents\\Web\\CI4\\sukmar\\app\\Views\\template\\dashboard.php')
 7 SYSTEMPATH\View\View.php(231): CodeIgniter\View\View->CodeIgniter\View\{closure}()
 8 SYSTEMPATH\View\View.php(244): CodeIgniter\View\View->render('template/dashboard', [], true)
 9 SYSTEMPATH\Common.php(1190): CodeIgniter\View\View->render('page/product/table_product', [], true)
10 APPPATH\Controllers\ProductController.php(36): view('page/product/table_product', [...])
11 SYSTEMPATH\CodeIgniter.php(942): App\Controllers\ProductController->index()
12 SYSTEMPATH\CodeIgniter.php(502): CodeIgniter\CodeIgniter->runController(Object(App\Controllers\ProductController))
13 SYSTEMPATH\CodeIgniter.php(361): CodeIgniter\CodeIgniter->handleRequest(null, Object(Config\Cache), false)
14 FCPATH\index.php(79): CodeIgniter\CodeIgniter->run()
15 SYSTEMPATH\Commands\Server\rewrite.php(47): require_once('C:\\Users\\ASUS\\Documents\\Web\\CI4\\sukmar\\public\\index.php')
